{"/home/tng/workspace/pkmgradegap/web/src/react/AdvancedFiltersModal.tsx": {"path":"/home/tng/workspace/pkmgradegap/web/src/react/AdvancedFiltersModal.tsx","statementMap":{"0":{"start":{"line":27,"column":52},"end":{"line":27,"column":null}},"1":{"start":{"line":29,"column":28},"end":{"line":35,"column":null}},"2":{"start":{"line":38,"column":2},"end":{"line":48,"column":null}},"3":{"start":{"line":39,"column":4},"end":{"line":47,"column":null}},"4":{"start":{"line":40,"column":6},"end":{"line":46,"column":null}},"5":{"start":{"line":51,"column":2},"end":{"line":59,"column":null}},"6":{"start":{"line":52,"column":25},"end":{"line":56,"column":null}},"7":{"start":{"line":53,"column":6},"end":{"line":55,"column":null}},"8":{"start":{"line":54,"column":8},"end":{"line":54,"column":null}},"9":{"start":{"line":57,"column":4},"end":{"line":57,"column":null}},"10":{"start":{"line":58,"column":4},"end":{"line":58,"column":null}},"11":{"start":{"line":58,"column":17},"end":{"line":58,"column":null}},"12":{"start":{"line":62,"column":2},"end":{"line":71,"column":null}},"13":{"start":{"line":63,"column":4},"end":{"line":67,"column":null}},"14":{"start":{"line":64,"column":6},"end":{"line":64,"column":null}},"15":{"start":{"line":66,"column":6},"end":{"line":66,"column":null}},"16":{"start":{"line":68,"column":4},"end":{"line":70,"column":null}},"17":{"start":{"line":69,"column":6},"end":{"line":69,"column":null}},"18":{"start":{"line":73,"column":31},"end":{"line":81,"column":null}},"19":{"start":{"line":74,"column":4},"end":{"line":80,"column":null}},"20":{"start":{"line":75,"column":22},"end":{"line":75,"column":null}},"21":{"start":{"line":76,"column":22},"end":{"line":78,"column":null}},"22":{"start":{"line":77,"column":32},"end":{"line":77,"column":43}},"23":{"start":{"line":79,"column":6},"end":{"line":79,"column":null}},"24":{"start":{"line":83,"column":28},"end":{"line":85,"column":null}},"25":{"start":{"line":84,"column":4},"end":{"line":84,"column":null}},"26":{"start":{"line":84,"column":26},"end":{"line":84,"column":54}},"27":{"start":{"line":87,"column":22},"end":{"line":97,"column":null}},"28":{"start":{"line":89,"column":4},"end":{"line":95,"column":null}},"29":{"start":{"line":96,"column":4},"end":{"line":96,"column":null}},"30":{"start":{"line":99,"column":22},"end":{"line":110,"column":null}},"31":{"start":{"line":100,"column":42},"end":{"line":106,"column":null}},"32":{"start":{"line":107,"column":4},"end":{"line":107,"column":null}},"33":{"start":{"line":109,"column":4},"end":{"line":109,"column":null}},"34":{"start":{"line":112,"column":2},"end":{"line":112,"column":null}},"35":{"start":{"line":112,"column":15},"end":{"line":112,"column":null}},"36":{"start":{"line":114,"column":2},"end":{"line":285,"column":null}},"37":{"start":{"line":124,"column":24},"end":{"line":124,"column":null}},"38":{"start":{"line":148,"column":16},"end":{"line":156,"column":null}},"39":{"start":{"line":152,"column":36},"end":{"line":152,"column":null}},"40":{"start":{"line":170,"column":16},"end":{"line":178,"column":null}},"41":{"start":{"line":174,"column":36},"end":{"line":174,"column":null}},"42":{"start":{"line":188,"column":16},"end":{"line":196,"column":null}},"43":{"start":{"line":192,"column":36},"end":{"line":192,"column":null}},"44":{"start":{"line":211,"column":33},"end":{"line":211,"column":null}},"45":{"start":{"line":224,"column":33},"end":{"line":224,"column":null}},"46":{"start":{"line":241,"column":18},"end":{"line":243,"column":null}},"47":{"start":{"line":246,"column":18},"end":{"line":248,"column":null}},"48":{"start":{"line":251,"column":18},"end":{"line":253,"column":null}}},"fnMap":{"0":{"name":"AdvancedFiltersModal","decl":{"start":{"line":23,"column":24},"end":{"line":23,"column":45}},"loc":{"start":{"line":26,"column":30},"end":{"line":287,"column":null}},"line":26},"1":{"name":"(anonymous_1)","decl":{"start":{"line":38,"column":12},"end":{"line":38,"column":18}},"loc":{"start":{"line":38,"column":18},"end":{"line":48,"column":5}},"line":38},"2":{"name":"(anonymous_2)","decl":{"start":{"line":51,"column":12},"end":{"line":51,"column":18}},"loc":{"start":{"line":51,"column":18},"end":{"line":59,"column":5}},"line":51},"3":{"name":"(anonymous_3)","decl":{"start":{"line":52,"column":25},"end":{"line":52,"column":26}},"loc":{"start":{"line":52,"column":47},"end":{"line":56,"column":null}},"line":52},"4":{"name":"(anonymous_4)","decl":{"start":{"line":58,"column":11},"end":{"line":58,"column":17}},"loc":{"start":{"line":58,"column":17},"end":{"line":58,"column":null}},"line":58},"5":{"name":"(anonymous_5)","decl":{"start":{"line":62,"column":12},"end":{"line":62,"column":18}},"loc":{"start":{"line":62,"column":18},"end":{"line":71,"column":5}},"line":62},"6":{"name":"(anonymous_6)","decl":{"start":{"line":68,"column":11},"end":{"line":68,"column":17}},"loc":{"start":{"line":68,"column":17},"end":{"line":70,"column":null}},"line":68},"7":{"name":"(anonymous_7)","decl":{"start":{"line":73,"column":31},"end":{"line":73,"column":32}},"loc":{"start":{"line":73,"column":126},"end":{"line":81,"column":null}},"line":73},"8":{"name":"(anonymous_8)","decl":{"start":{"line":74,"column":15},"end":{"line":74,"column":16}},"loc":{"start":{"line":74,"column":25},"end":{"line":80,"column":5}},"line":74},"9":{"name":"(anonymous_9)","decl":{"start":{"line":77,"column":25},"end":{"line":77,"column":26}},"loc":{"start":{"line":77,"column":32},"end":{"line":77,"column":43}},"line":77},"10":{"name":"(anonymous_10)","decl":{"start":{"line":83,"column":28},"end":{"line":83,"column":29}},"loc":{"start":{"line":83,"column":109},"end":{"line":85,"column":null}},"line":83},"11":{"name":"(anonymous_11)","decl":{"start":{"line":84,"column":15},"end":{"line":84,"column":16}},"loc":{"start":{"line":84,"column":26},"end":{"line":84,"column":54}},"line":84},"12":{"name":"(anonymous_12)","decl":{"start":{"line":87,"column":22},"end":{"line":87,"column":28}},"loc":{"start":{"line":87,"column":28},"end":{"line":97,"column":null}},"line":87},"13":{"name":"(anonymous_13)","decl":{"start":{"line":99,"column":22},"end":{"line":99,"column":28}},"loc":{"start":{"line":99,"column":28},"end":{"line":110,"column":null}},"line":99},"14":{"name":"(anonymous_14)","decl":{"start":{"line":124,"column":17},"end":{"line":124,"column":18}},"loc":{"start":{"line":124,"column":24},"end":{"line":124,"column":null}},"line":124},"15":{"name":"(anonymous_15)","decl":{"start":{"line":147,"column":45},"end":{"line":147,"column":46}},"loc":{"start":{"line":148,"column":16},"end":{"line":156,"column":null}},"line":148},"16":{"name":"(anonymous_16)","decl":{"start":{"line":152,"column":30},"end":{"line":152,"column":36}},"loc":{"start":{"line":152,"column":36},"end":{"line":152,"column":null}},"line":152},"17":{"name":"(anonymous_17)","decl":{"start":{"line":169,"column":20},"end":{"line":169,"column":21}},"loc":{"start":{"line":170,"column":16},"end":{"line":178,"column":null}},"line":170},"18":{"name":"(anonymous_18)","decl":{"start":{"line":174,"column":30},"end":{"line":174,"column":36}},"loc":{"start":{"line":174,"column":36},"end":{"line":174,"column":null}},"line":174},"19":{"name":"(anonymous_19)","decl":{"start":{"line":187,"column":61},"end":{"line":187,"column":62}},"loc":{"start":{"line":188,"column":16},"end":{"line":196,"column":null}},"line":188},"20":{"name":"(anonymous_20)","decl":{"start":{"line":192,"column":30},"end":{"line":192,"column":36}},"loc":{"start":{"line":192,"column":36},"end":{"line":192,"column":null}},"line":192},"21":{"name":"(anonymous_21)","decl":{"start":{"line":211,"column":26},"end":{"line":211,"column":27}},"loc":{"start":{"line":211,"column":33},"end":{"line":211,"column":null}},"line":211},"22":{"name":"(anonymous_22)","decl":{"start":{"line":224,"column":26},"end":{"line":224,"column":27}},"loc":{"start":{"line":224,"column":33},"end":{"line":224,"column":null}},"line":224},"23":{"name":"(anonymous_23)","decl":{"start":{"line":240,"column":39},"end":{"line":240,"column":40}},"loc":{"start":{"line":241,"column":18},"end":{"line":243,"column":null}},"line":241},"24":{"name":"(anonymous_24)","decl":{"start":{"line":245,"column":38},"end":{"line":245,"column":39}},"loc":{"start":{"line":246,"column":18},"end":{"line":248,"column":null}},"line":246},"25":{"name":"(anonymous_25)","decl":{"start":{"line":250,"column":36},"end":{"line":250,"column":37}},"loc":{"start":{"line":251,"column":18},"end":{"line":253,"column":null}},"line":251}},"branchMap":{"0":{"loc":{"start":{"line":39,"column":4},"end":{"line":47,"column":null}},"type":"if","locations":[{"start":{"line":39,"column":4},"end":{"line":47,"column":null}},{"start":{},"end":{}}],"line":39},"1":{"loc":{"start":{"line":44,"column":19},"end":{"line":44,"column":null}},"type":"binary-expr","locations":[{"start":{"line":44,"column":19},"end":{"line":44,"column":62}},{"start":{"line":44,"column":62},"end":{"line":44,"column":null}}],"line":44},"2":{"loc":{"start":{"line":45,"column":18},"end":{"line":45,"column":null}},"type":"binary-expr","locations":[{"start":{"line":45,"column":18},"end":{"line":45,"column":56}},{"start":{"line":45,"column":56},"end":{"line":45,"column":null}}],"line":45},"3":{"loc":{"start":{"line":53,"column":6},"end":{"line":55,"column":null}},"type":"if","locations":[{"start":{"line":53,"column":6},"end":{"line":55,"column":null}},{"start":{},"end":{}}],"line":53},"4":{"loc":{"start":{"line":53,"column":10},"end":{"line":53,"column":40}},"type":"binary-expr","locations":[{"start":{"line":53,"column":10},"end":{"line":53,"column":32}},{"start":{"line":53,"column":32},"end":{"line":53,"column":40}}],"line":53},"5":{"loc":{"start":{"line":63,"column":4},"end":{"line":67,"column":null}},"type":"if","locations":[{"start":{"line":63,"column":4},"end":{"line":67,"column":null}},{"start":{"line":65,"column":11},"end":{"line":67,"column":null}}],"line":63},"6":{"loc":{"start":{"line":75,"column":22},"end":{"line":75,"column":null}},"type":"binary-expr","locations":[{"start":{"line":75,"column":22},"end":{"line":75,"column":40}},{"start":{"line":75,"column":40},"end":{"line":75,"column":null}}],"line":75},"7":{"loc":{"start":{"line":76,"column":22},"end":{"line":78,"column":null}},"type":"cond-expr","locations":[{"start":{"line":77,"column":10},"end":{"line":77,"column":null}},{"start":{"line":78,"column":10},"end":{"line":78,"column":null}}],"line":76},"8":{"loc":{"start":{"line":90,"column":21},"end":{"line":90,"column":null}},"type":"cond-expr","locations":[{"start":{"line":90,"column":41},"end":{"line":90,"column":71}},{"start":{"line":90,"column":71},"end":{"line":90,"column":null}}],"line":90},"9":{"loc":{"start":{"line":93,"column":16},"end":{"line":93,"column":null}},"type":"cond-expr","locations":[{"start":{"line":93,"column":35},"end":{"line":93,"column":64}},{"start":{"line":93,"column":64},"end":{"line":93,"column":null}}],"line":93},"10":{"loc":{"start":{"line":112,"column":2},"end":{"line":112,"column":null}},"type":"if","locations":[{"start":{"line":112,"column":2},"end":{"line":112,"column":null}},{"start":{},"end":{}}],"line":112},"11":{"loc":{"start":{"line":229,"column":10},"end":{"line":266,"column":null}},"type":"binary-expr","locations":[{"start":{"line":232,"column":12},"end":{"line":232,"column":null}},{"start":{"line":233,"column":12},"end":{"line":233,"column":null}},{"start":{"line":234,"column":12},"end":{"line":234,"column":null}},{"start":{"line":235,"column":12},"end":{"line":235,"column":null}},{"start":{"line":236,"column":12},"end":{"line":236,"column":null}},{"start":{"line":237,"column":12},"end":{"line":266,"column":null}}],"line":229},"12":{"loc":{"start":{"line":255,"column":17},"end":{"line":258,"column":null}},"type":"binary-expr","locations":[{"start":{"line":255,"column":17},"end":{"line":255,"column":null}},{"start":{"line":256,"column":18},"end":{"line":258,"column":null}}],"line":255},"13":{"loc":{"start":{"line":260,"column":17},"end":{"line":263,"column":null}},"type":"binary-expr","locations":[{"start":{"line":260,"column":17},"end":{"line":260,"column":null}},{"start":{"line":261,"column":18},"end":{"line":263,"column":null}}],"line":260}},"s":{"0":11,"1":11,"2":11,"3":6,"4":0,"5":11,"6":11,"7":0,"8":0,"9":11,"10":11,"11":11,"12":11,"13":6,"14":0,"15":6,"16":6,"17":6,"18":11,"19":0,"20":0,"21":0,"22":0,"23":0,"24":11,"25":0,"26":0,"27":11,"28":0,"29":0,"30":11,"31":0,"32":0,"33":0,"34":11,"35":11,"36":0,"37":0,"38":0,"39":0,"40":0,"41":0,"42":0,"43":0,"44":0,"45":0,"46":0,"47":0,"48":0},"f":{"0":11,"1":6,"2":11,"3":0,"4":11,"5":6,"6":6,"7":0,"8":0,"9":0,"10":0,"11":0,"12":0,"13":0,"14":0,"15":0,"16":0,"17":0,"18":0,"19":0,"20":0,"21":0,"22":0,"23":0,"24":0,"25":0},"b":{"0":[0,6],"1":[0,0],"2":[0,0],"3":[0,0],"4":[0,0],"5":[0,6],"6":[0,0],"7":[0,0],"8":[0,0],"9":[0,0],"10":[11,0],"11":[0,0,0,0,0,0],"12":[0,0],"13":[0,0]},"meta":{"lastBranch":14,"lastFunction":26,"lastStatement":49,"seen":{"f:23:24:23:45":0,"s:27:52:27:Infinity":0,"s:29:28:35:Infinity":1,"s:38:2:48:Infinity":2,"f:38:12:38:18":1,"b:39:4:47:Infinity:undefined:undefined:undefined:undefined":0,"s:39:4:47:Infinity":3,"s:40:6:46:Infinity":4,"b:44:19:44:62:44:62:44:Infinity":1,"b:45:18:45:56:45:56:45:Infinity":2,"s:51:2:59:Infinity":5,"f:51:12:51:18":2,"s:52:25:56:Infinity":6,"f:52:25:52:26":3,"b:53:6:55:Infinity:undefined:undefined:undefined:undefined":3,"s:53:6:55:Infinity":7,"b:53:10:53:32:53:32:53:40":4,"s:54:8:54:Infinity":8,"s:57:4:57:Infinity":9,"s:58:4:58:Infinity":10,"f:58:11:58:17":4,"s:58:17:58:Infinity":11,"s:62:2:71:Infinity":12,"f:62:12:62:18":5,"b:63:4:67:Infinity:65:11:67:Infinity":5,"s:63:4:67:Infinity":13,"s:64:6:64:Infinity":14,"s:66:6:66:Infinity":15,"s:68:4:70:Infinity":16,"f:68:11:68:17":6,"s:69:6:69:Infinity":17,"s:73:31:81:Infinity":18,"f:73:31:73:32":7,"s:74:4:80:Infinity":19,"f:74:15:74:16":8,"s:75:22:75:Infinity":20,"b:75:22:75:40:75:40:75:Infinity":6,"s:76:22:78:Infinity":21,"b:77:10:77:Infinity:78:10:78:Infinity":7,"f:77:25:77:26":9,"s:77:32:77:43":22,"s:79:6:79:Infinity":23,"s:83:28:85:Infinity":24,"f:83:28:83:29":10,"s:84:4:84:Infinity":25,"f:84:15:84:16":11,"s:84:26:84:54":26,"s:87:22:97:Infinity":27,"f:87:22:87:28":12,"s:89:4:95:Infinity":28,"b:90:41:90:71:90:71:90:Infinity":8,"b:93:35:93:64:93:64:93:Infinity":9,"s:96:4:96:Infinity":29,"s:99:22:110:Infinity":30,"f:99:22:99:28":13,"s:100:42:106:Infinity":31,"s:107:4:107:Infinity":32,"s:109:4:109:Infinity":33,"b:112:2:112:Infinity:undefined:undefined:undefined:undefined":10,"s:112:2:112:Infinity":34,"s:112:15:112:Infinity":35,"s:114:2:285:Infinity":36,"f:124:17:124:18":14,"s:124:24:124:Infinity":37,"f:147:45:147:46":15,"s:148:16:156:Infinity":38,"f:152:30:152:36":16,"s:152:36:152:Infinity":39,"f:169:20:169:21":17,"s:170:16:178:Infinity":40,"f:174:30:174:36":18,"s:174:36:174:Infinity":41,"f:187:61:187:62":19,"s:188:16:196:Infinity":42,"f:192:30:192:36":20,"s:192:36:192:Infinity":43,"f:211:26:211:27":21,"s:211:33:211:Infinity":44,"f:224:26:224:27":22,"s:224:33:224:Infinity":45,"b:232:12:232:Infinity:233:12:233:Infinity:234:12:234:Infinity:235:12:235:Infinity:236:12:236:Infinity:237:12:266:Infinity":11,"f:240:39:240:40":23,"s:241:18:243:Infinity":46,"f:245:38:245:39":24,"s:246:18:248:Infinity":47,"f:250:36:250:37":25,"s:251:18:253:Infinity":48,"b:255:17:255:Infinity:256:18:258:Infinity":12,"b:260:17:260:Infinity:261:18:263:Infinity":13}}}
,"/home/tng/workspace/pkmgradegap/web/src/react/CollectionCard.tsx": {"path":"/home/tng/workspace/pkmgradegap/web/src/react/CollectionCard.tsx","statementMap":{"0":{"start":{"line":7,"column":2},"end":{"line":11,"column":null}},"1":{"start":{"line":8,"column":4},"end":{"line":8,"column":null}},"2":{"start":{"line":10,"column":4},"end":{"line":10,"column":null}},"3":{"start":{"line":44,"column":2},"end":{"line":44,"column":null}},"4":{"start":{"line":44,"column":51},"end":{"line":44,"column":null}},"5":{"start":{"line":46,"column":22},"end":{"line":46,"column":null}},"6":{"start":{"line":47,"column":2},"end":{"line":47,"column":null}},"7":{"start":{"line":47,"column":25},"end":{"line":47,"column":null}},"8":{"start":{"line":48,"column":2},"end":{"line":48,"column":null}},"9":{"start":{"line":48,"column":24},"end":{"line":48,"column":null}},"10":{"start":{"line":49,"column":2},"end":{"line":49,"column":null}},"11":{"start":{"line":49,"column":24},"end":{"line":49,"column":null}},"12":{"start":{"line":50,"column":2},"end":{"line":50,"column":null}},"13":{"start":{"line":50,"column":25},"end":{"line":50,"column":null}},"14":{"start":{"line":51,"column":2},"end":{"line":51,"column":null}},"15":{"start":{"line":55,"column":48},"end":{"line":62,"column":null}},"16":{"start":{"line":63,"column":2},"end":{"line":63,"column":null}},"17":{"start":{"line":90,"column":6},"end":{"line":90,"column":null}},"18":{"start":{"line":92,"column":22},"end":{"line":92,"column":null}},"19":{"start":{"line":93,"column":22},"end":{"line":93,"column":null}},"20":{"start":{"line":94,"column":22},"end":{"line":94,"column":null}},"21":{"start":{"line":96,"column":2},"end":{"line":252,"column":null}},"22":{"start":{"line":125,"column":27},"end":{"line":125,"column":null}},"23":{"start":{"line":213,"column":29},"end":{"line":213,"column":null}},"24":{"start":{"line":224,"column":29},"end":{"line":224,"column":null}},"25":{"start":{"line":235,"column":29},"end":{"line":235,"column":null}},"26":{"start":{"line":245,"column":27},"end":{"line":245,"column":null}},"27":{"start":{"line":258,"column":2},"end":{"line":265,"column":null}}},"fnMap":{"0":{"name":"currency","decl":{"start":{"line":6,"column":9},"end":{"line":6,"column":18}},"loc":{"start":{"line":6,"column":56},"end":{"line":12,"column":null}},"line":6},"1":{"name":"getPricingHealthClass","decl":{"start":{"line":43,"column":9},"end":{"line":43,"column":31}},"loc":{"start":{"line":43,"column":72},"end":{"line":52,"column":null}},"line":43},"2":{"name":"getPricingHealthLabel","decl":{"start":{"line":54,"column":9},"end":{"line":54,"column":31}},"loc":{"start":{"line":54,"column":67},"end":{"line":64,"column":null}},"line":54},"3":{"name":"CollectionCard","decl":{"start":{"line":66,"column":9},"end":{"line":66,"column":24}},"loc":{"start":{"line":71,"column":24},"end":{"line":254,"column":null}},"line":71},"4":{"name":"(anonymous_4)","decl":{"start":{"line":125,"column":20},"end":{"line":125,"column":21}},"loc":{"start":{"line":125,"column":27},"end":{"line":125,"column":null}},"line":125},"5":{"name":"(anonymous_5)","decl":{"start":{"line":213,"column":23},"end":{"line":213,"column":29}},"loc":{"start":{"line":213,"column":29},"end":{"line":213,"column":null}},"line":213},"6":{"name":"(anonymous_6)","decl":{"start":{"line":224,"column":23},"end":{"line":224,"column":29}},"loc":{"start":{"line":224,"column":29},"end":{"line":224,"column":null}},"line":224},"7":{"name":"(anonymous_7)","decl":{"start":{"line":235,"column":23},"end":{"line":235,"column":29}},"loc":{"start":{"line":235,"column":29},"end":{"line":235,"column":null}},"line":235},"8":{"name":"(anonymous_8)","decl":{"start":{"line":245,"column":21},"end":{"line":245,"column":27}},"loc":{"start":{"line":245,"column":27},"end":{"line":245,"column":null}},"line":245},"9":{"name":"(anonymous_9)","decl":{"start":{"line":257,"column":36},"end":{"line":257,"column":37}},"loc":{"start":{"line":257,"column":62},"end":{"line":267,"column":1}},"line":257}},"branchMap":{"0":{"loc":{"start":{"line":8,"column":91},"end":{"line":8,"column":97}},"type":"binary-expr","locations":[{"start":{"line":8,"column":91},"end":{"line":8,"column":96}},{"start":{"line":8,"column":96},"end":{"line":8,"column":97}}],"line":8},"1":{"loc":{"start":{"line":10,"column":16},"end":{"line":10,"column":24}},"type":"binary-expr","locations":[{"start":{"line":10,"column":16},"end":{"line":10,"column":21}},{"start":{"line":10,"column":21},"end":{"line":10,"column":24}}],"line":10},"2":{"loc":{"start":{"line":44,"column":2},"end":{"line":44,"column":null}},"type":"if","locations":[{"start":{"line":44,"column":2},"end":{"line":44,"column":null}},{"start":{},"end":{}}],"line":44},"3":{"loc":{"start":{"line":44,"column":6},"end":{"line":44,"column":51}},"type":"binary-expr","locations":[{"start":{"line":44,"column":6},"end":{"line":44,"column":27}},{"start":{"line":44,"column":27},"end":{"line":44,"column":51}}],"line":44},"4":{"loc":{"start":{"line":46,"column":22},"end":{"line":46,"column":null}},"type":"binary-expr","locations":[{"start":{"line":46,"column":22},"end":{"line":46,"column":47}},{"start":{"line":46,"column":47},"end":{"line":46,"column":null}}],"line":46},"5":{"loc":{"start":{"line":47,"column":2},"end":{"line":47,"column":null}},"type":"if","locations":[{"start":{"line":47,"column":2},"end":{"line":47,"column":null}},{"start":{},"end":{}}],"line":47},"6":{"loc":{"start":{"line":48,"column":2},"end":{"line":48,"column":null}},"type":"if","locations":[{"start":{"line":48,"column":2},"end":{"line":48,"column":null}},{"start":{},"end":{}}],"line":48},"7":{"loc":{"start":{"line":49,"column":2},"end":{"line":49,"column":null}},"type":"if","locations":[{"start":{"line":49,"column":2},"end":{"line":49,"column":null}},{"start":{},"end":{}}],"line":49},"8":{"loc":{"start":{"line":50,"column":2},"end":{"line":50,"column":null}},"type":"if","locations":[{"start":{"line":50,"column":2},"end":{"line":50,"column":null}},{"start":{},"end":{}}],"line":50},"9":{"loc":{"start":{"line":63,"column":9},"end":{"line":63,"column":null}},"type":"binary-expr","locations":[{"start":{"line":63,"column":9},"end":{"line":63,"column":32}},{"start":{"line":63,"column":32},"end":{"line":63,"column":null}}],"line":63},"10":{"loc":{"start":{"line":92,"column":22},"end":{"line":92,"column":null}},"type":"binary-expr","locations":[{"start":{"line":92,"column":22},"end":{"line":92,"column":34}},{"start":{"line":92,"column":34},"end":{"line":92,"column":43}},{"start":{"line":92,"column":43},"end":{"line":92,"column":null}}],"line":92},"11":{"loc":{"start":{"line":103,"column":38},"end":{"line":103,"column":51}},"type":"binary-expr","locations":[{"start":{"line":103,"column":38},"end":{"line":103,"column":49}},{"start":{"line":103,"column":49},"end":{"line":103,"column":51}}],"line":103},"12":{"loc":{"start":{"line":103,"column":55},"end":{"line":103,"column":89}},"type":"cond-expr","locations":[{"start":{"line":103,"column":68},"end":{"line":103,"column":87}},{"start":{"line":103,"column":87},"end":{"line":103,"column":89}}],"line":103},"13":{"loc":{"start":{"line":108,"column":7},"end":{"line":113,"column":null}},"type":"binary-expr","locations":[{"start":{"line":108,"column":7},"end":{"line":108,"column":30}},{"start":{"line":108,"column":30},"end":{"line":108,"column":40}},{"start":{"line":108,"column":40},"end":{"line":108,"column":null}},{"start":{"line":109,"column":8},"end":{"line":113,"column":null}}],"line":108},"14":{"loc":{"start":{"line":118,"column":9},"end":{"line":132,"column":null}},"type":"cond-expr","locations":[{"start":{"line":119,"column":10},"end":{"line":128,"column":null}},{"start":{"line":130,"column":10},"end":{"line":132,"column":null}}],"line":118},"15":{"loc":{"start":{"line":143,"column":13},"end":{"line":143,"column":27}},"type":"binary-expr","locations":[{"start":{"line":143,"column":13},"end":{"line":143,"column":24}},{"start":{"line":143,"column":24},"end":{"line":143,"column":27}}],"line":143},"16":{"loc":{"start":{"line":143,"column":29},"end":{"line":143,"column":null}},"type":"cond-expr","locations":[{"start":{"line":143,"column":42},"end":{"line":143,"column":63}},{"start":{"line":143,"column":63},"end":{"line":143,"column":null}}],"line":143},"17":{"loc":{"start":{"line":149,"column":11},"end":{"line":154,"column":null}},"type":"cond-expr","locations":[{"start":{"line":150,"column":12},"end":{"line":150,"column":null}},{"start":{"line":152,"column":12},"end":{"line":154,"column":null}}],"line":149},"18":{"loc":{"start":{"line":149,"column":11},"end":{"line":149,"column":null}},"type":"binary-expr","locations":[{"start":{"line":149,"column":11},"end":{"line":149,"column":20}},{"start":{"line":149,"column":20},"end":{"line":149,"column":null}}],"line":149},"19":{"loc":{"start":{"line":153,"column":19},"end":{"line":153,"column":null}},"type":"cond-expr","locations":[{"start":{"line":153,"column":31},"end":{"line":153,"column":50}},{"start":{"line":153,"column":50},"end":{"line":153,"column":null}}],"line":153},"20":{"loc":{"start":{"line":156,"column":11},"end":{"line":159,"column":null}},"type":"binary-expr","locations":[{"start":{"line":156,"column":11},"end":{"line":156,"column":38}},{"start":{"line":156,"column":38},"end":{"line":156,"column":null}},{"start":{"line":157,"column":12},"end":{"line":159,"column":null}}],"line":156},"21":{"loc":{"start":{"line":170,"column":11},"end":{"line":200,"column":null}},"type":"cond-expr","locations":[{"start":{"line":171,"column":12},"end":{"line":198,"column":null}},{"start":{"line":200,"column":12},"end":{"line":200,"column":null}}],"line":170},"22":{"loc":{"start":{"line":170,"column":11},"end":{"line":170,"column":null}},"type":"binary-expr","locations":[{"start":{"line":170,"column":11},"end":{"line":170,"column":26}},{"start":{"line":170,"column":26},"end":{"line":170,"column":null}}],"line":170},"23":{"loc":{"start":{"line":179,"column":63},"end":{"line":179,"column":148}},"type":"cond-expr","locations":[{"start":{"line":179,"column":118},"end":{"line":179,"column":135}},{"start":{"line":179,"column":135},"end":{"line":179,"column":148}}],"line":179},"24":{"loc":{"start":{"line":179,"column":63},"end":{"line":179,"column":118}},"type":"binary-expr","locations":[{"start":{"line":179,"column":63},"end":{"line":179,"column":96}},{"start":{"line":179,"column":96},"end":{"line":179,"column":118}}],"line":179},"25":{"loc":{"start":{"line":180,"column":19},"end":{"line":180,"column":85}},"type":"cond-expr","locations":[{"start":{"line":180,"column":75},"end":{"line":180,"column":81}},{"start":{"line":180,"column":81},"end":{"line":180,"column":85}}],"line":180},"26":{"loc":{"start":{"line":180,"column":19},"end":{"line":180,"column":75}},"type":"binary-expr","locations":[{"start":{"line":180,"column":19},"end":{"line":180,"column":52}},{"start":{"line":180,"column":52},"end":{"line":180,"column":75}}],"line":180},"27":{"loc":{"start":{"line":182,"column":22},"end":{"line":182,"column":90}},"type":"cond-expr","locations":[{"start":{"line":182,"column":80},"end":{"line":182,"column":86}},{"start":{"line":182,"column":86},"end":{"line":182,"column":90}}],"line":182},"28":{"loc":{"start":{"line":182,"column":22},"end":{"line":182,"column":80}},"type":"binary-expr","locations":[{"start":{"line":182,"column":22},"end":{"line":182,"column":56}},{"start":{"line":182,"column":56},"end":{"line":182,"column":80}}],"line":182},"29":{"loc":{"start":{"line":190,"column":18},"end":{"line":193,"column":null}},"type":"cond-expr","locations":[{"start":{"line":190,"column":56},"end":{"line":190,"column":null}},{"start":{"line":191,"column":18},"end":{"line":193,"column":null}}],"line":190},"30":{"loc":{"start":{"line":191,"column":18},"end":{"line":193,"column":null}},"type":"cond-expr","locations":[{"start":{"line":191,"column":55},"end":{"line":191,"column":null}},{"start":{"line":192,"column":18},"end":{"line":193,"column":null}}],"line":191},"31":{"loc":{"start":{"line":192,"column":18},"end":{"line":193,"column":null}},"type":"cond-expr","locations":[{"start":{"line":192,"column":49},"end":{"line":192,"column":null}},{"start":{"line":193,"column":18},"end":{"line":193,"column":null}}],"line":192},"32":{"loc":{"start":{"line":208,"column":11},"end":{"line":217,"column":null}},"type":"binary-expr","locations":[{"start":{"line":208,"column":11},"end":{"line":208,"column":null}},{"start":{"line":209,"column":12},"end":{"line":217,"column":null}}],"line":208},"33":{"loc":{"start":{"line":219,"column":11},"end":{"line":228,"column":null}},"type":"binary-expr","locations":[{"start":{"line":219,"column":11},"end":{"line":219,"column":null}},{"start":{"line":220,"column":12},"end":{"line":228,"column":null}}],"line":219},"34":{"loc":{"start":{"line":228,"column":12},"end":{"line":239,"column":null}},"type":"binary-expr","locations":[{"start":{"line":230,"column":12},"end":{"line":230,"column":27}},{"start":{"line":230,"column":27},"end":{"line":230,"column":null}},{"start":{"line":231,"column":12},"end":{"line":239,"column":null}}],"line":228},"35":{"loc":{"start":{"line":235,"column":29},"end":{"line":235,"column":null}},"type":"binary-expr","locations":[{"start":{"line":235,"column":29},"end":{"line":235,"column":39}},{"start":{"line":235,"column":39},"end":{"line":235,"column":null}}],"line":235},"36":{"loc":{"start":{"line":259,"column":4},"end":{"line":265,"column":null}},"type":"binary-expr","locations":[{"start":{"line":259,"column":4},"end":{"line":259,"column":null}},{"start":{"line":260,"column":4},"end":{"line":260,"column":null}},{"start":{"line":261,"column":4},"end":{"line":261,"column":null}},{"start":{"line":262,"column":4},"end":{"line":262,"column":null}},{"start":{"line":263,"column":4},"end":{"line":263,"column":null}},{"start":{"line":264,"column":4},"end":{"line":264,"column":null}},{"start":{"line":265,"column":4},"end":{"line":265,"column":null}}],"line":259}},"s":{"0":84,"1":84,"2":0,"3":30,"4":3,"5":27,"6":30,"7":20,"8":7,"9":1,"10":6,"11":4,"12":2,"13":2,"14":1,"15":30,"16":30,"17":30,"18":30,"19":30,"20":30,"21":30,"22":0,"23":1,"24":1,"25":1,"26":1,"27":0},"f":{"0":84,"1":30,"2":30,"3":30,"4":0,"5":1,"6":1,"7":1,"8":1,"9":0},"b":{"0":[84,0],"1":[0,0],"2":[3,27],"3":[30,27],"4":[27,4],"5":[20,10],"6":[1,6],"7":[4,2],"8":[1,1],"9":[30,0],"10":[30,1,0],"11":[30,0],"12":[30,0],"13":[30,2,2,1],"14":[29,1],"15":[30,0],"16":[30,0],"17":[24,6],"18":[30,26],"19":[5,1],"20":[30,26,25],"21":[27,3],"22":[30,27],"23":[24,3],"24":[27,27],"25":[3,24],"26":[27,27],"27":[3,24],"28":[27,24],"29":[21,6],"30":[2,4],"31":[4,0],"32":[30,25],"33":[30,28],"34":[30,3,29],"35":[1,1],"36":[0,0,0,0,0,0,0]},"meta":{"lastBranch":37,"lastFunction":10,"lastStatement":28,"seen":{"f:6:9:6:18":0,"s:7:2:11:Infinity":0,"s:8:4:8:Infinity":1,"b:8:91:8:96:8:96:8:97":0,"s:10:4:10:Infinity":2,"b:10:16:10:21:10:21:10:24":1,"f:43:9:43:31":1,"b:44:2:44:Infinity:undefined:undefined:undefined:undefined":2,"s:44:2:44:Infinity":3,"b:44:6:44:27:44:27:44:51":3,"s:44:51:44:Infinity":4,"s:46:22:46:Infinity":5,"b:46:22:46:47:46:47:46:Infinity":4,"b:47:2:47:Infinity:undefined:undefined:undefined:undefined":5,"s:47:2:47:Infinity":6,"s:47:25:47:Infinity":7,"b:48:2:48:Infinity:undefined:undefined:undefined:undefined":6,"s:48:2:48:Infinity":8,"s:48:24:48:Infinity":9,"b:49:2:49:Infinity:undefined:undefined:undefined:undefined":7,"s:49:2:49:Infinity":10,"s:49:24:49:Infinity":11,"b:50:2:50:Infinity:undefined:undefined:undefined:undefined":8,"s:50:2:50:Infinity":12,"s:50:25:50:Infinity":13,"s:51:2:51:Infinity":14,"f:54:9:54:31":2,"s:55:48:62:Infinity":15,"s:63:2:63:Infinity":16,"b:63:9:63:32:63:32:63:Infinity":9,"f:66:9:66:24":3,"s:90:6:90:Infinity":17,"s:92:22:92:Infinity":18,"b:92:22:92:34:92:34:92:43:92:43:92:Infinity":10,"s:93:22:93:Infinity":19,"s:94:22:94:Infinity":20,"s:96:2:252:Infinity":21,"b:103:38:103:49:103:49:103:51":11,"b:103:68:103:87:103:87:103:89":12,"b:108:7:108:30:108:30:108:40:108:40:108:Infinity:109:8:113:Infinity":13,"b:119:10:128:Infinity:130:10:132:Infinity":14,"f:125:20:125:21":4,"s:125:27:125:Infinity":22,"b:143:13:143:24:143:24:143:27":15,"b:143:42:143:63:143:63:143:Infinity":16,"b:150:12:150:Infinity:152:12:154:Infinity":17,"b:149:11:149:20:149:20:149:Infinity":18,"b:153:31:153:50:153:50:153:Infinity":19,"b:156:11:156:38:156:38:156:Infinity:157:12:159:Infinity":20,"b:171:12:198:Infinity:200:12:200:Infinity":21,"b:170:11:170:26:170:26:170:Infinity":22,"b:179:118:179:135:179:135:179:148":23,"b:179:63:179:96:179:96:179:118":24,"b:180:75:180:81:180:81:180:85":25,"b:180:19:180:52:180:52:180:75":26,"b:182:80:182:86:182:86:182:90":27,"b:182:22:182:56:182:56:182:80":28,"b:190:56:190:Infinity:191:18:193:Infinity":29,"b:191:55:191:Infinity:192:18:193:Infinity":30,"b:192:49:192:Infinity:193:18:193:Infinity":31,"b:208:11:208:Infinity:209:12:217:Infinity":32,"f:213:23:213:29":5,"s:213:29:213:Infinity":23,"b:219:11:219:Infinity:220:12:228:Infinity":33,"f:224:23:224:29":6,"s:224:29:224:Infinity":24,"b:230:12:230:27:230:27:230:Infinity:231:12:239:Infinity":34,"f:235:23:235:29":7,"s:235:29:235:Infinity":25,"b:235:29:235:39:235:39:235:Infinity":35,"f:245:21:245:27":8,"s:245:27:245:Infinity":26,"f:257:36:257:37":9,"s:258:2:265:Infinity":27,"b:259:4:259:Infinity:260:4:260:Infinity:261:4:261:Infinity:262:4:262:Infinity:263:4:263:Infinity:264:4:264:Infinity:265:4:265:Infinity":36}}}
,"/home/tng/workspace/pkmgradegap/web/src/react/CollectionGrid.tsx": {"path":"/home/tng/workspace/pkmgradegap/web/src/react/CollectionGrid.tsx","statementMap":{"0":{"start":{"line":7,"column":2},"end":{"line":17,"column":null}},"1":{"start":{"line":22,"column":2},"end":{"line":29,"column":null}},"2":{"start":{"line":27,"column":10},"end":{"line":27,"column":null}},"3":{"start":{"line":39,"column":2},"end":{"line":54,"column":null}},"4":{"start":{"line":64,"column":2},"end":{"line":79,"column":null}},"5":{"start":{"line":104,"column":8},"end":{"line":104,"column":null}},"6":{"start":{"line":105,"column":40},"end":{"line":105,"column":null}},"7":{"start":{"line":108,"column":8},"end":{"line":110,"column":null}},"8":{"start":{"line":109,"column":4},"end":{"line":109,"column":null}},"9":{"start":{"line":112,"column":8},"end":{"line":114,"column":null}},"10":{"start":{"line":113,"column":4},"end":{"line":113,"column":null}},"11":{"start":{"line":116,"column":8},"end":{"line":118,"column":null}},"12":{"start":{"line":117,"column":4},"end":{"line":117,"column":null}},"13":{"start":{"line":121,"column":2},"end":{"line":151,"column":null}},"14":{"start":{"line":122,"column":32},"end":{"line":134,"column":null}},"15":{"start":{"line":123,"column":20},"end":{"line":123,"column":null}},"16":{"start":{"line":125,"column":6},"end":{"line":133,"column":null}},"17":{"start":{"line":126,"column":8},"end":{"line":126,"column":null}},"18":{"start":{"line":127,"column":6},"end":{"line":133,"column":null}},"19":{"start":{"line":128,"column":8},"end":{"line":128,"column":null}},"20":{"start":{"line":129,"column":6},"end":{"line":133,"column":null}},"21":{"start":{"line":130,"column":8},"end":{"line":130,"column":null}},"22":{"start":{"line":132,"column":8},"end":{"line":132,"column":null}},"23":{"start":{"line":136,"column":4},"end":{"line":136,"column":null}},"24":{"start":{"line":139,"column":27},"end":{"line":139,"column":null}},"25":{"start":{"line":140,"column":4},"end":{"line":142,"column":null}},"26":{"start":{"line":141,"column":6},"end":{"line":141,"column":null}},"27":{"start":{"line":145,"column":4},"end":{"line":145,"column":null}},"28":{"start":{"line":147,"column":4},"end":{"line":150,"column":null}},"29":{"start":{"line":148,"column":6},"end":{"line":148,"column":null}},"30":{"start":{"line":149,"column":6},"end":{"line":149,"column":null}},"31":{"start":{"line":153,"column":8},"end":{"line":158,"column":null}},"32":{"start":{"line":155,"column":28},"end":{"line":155,"column":null}},"33":{"start":{"line":156,"column":24},"end":{"line":156,"column":null}},"34":{"start":{"line":160,"column":2},"end":{"line":162,"column":null}},"35":{"start":{"line":161,"column":4},"end":{"line":161,"column":null}},"36":{"start":{"line":164,"column":2},"end":{"line":166,"column":null}},"37":{"start":{"line":165,"column":4},"end":{"line":165,"column":null}},"38":{"start":{"line":168,"column":2},"end":{"line":170,"column":null}},"39":{"start":{"line":169,"column":4},"end":{"line":169,"column":null}},"40":{"start":{"line":173,"column":2},"end":{"line":187,"column":null}},"41":{"start":{"line":174,"column":4},"end":{"line":185,"column":null}},"42":{"start":{"line":177,"column":10},"end":{"line":183,"column":null}},"43":{"start":{"line":190,"column":2},"end":{"line":233,"column":null}},"44":{"start":{"line":206,"column":23},"end":{"line":206,"column":null}},"45":{"start":{"line":207,"column":10},"end":{"line":229,"column":null}}},"fnMap":{"0":{"name":"SkeletonCard","decl":{"start":{"line":6,"column":9},"end":{"line":6,"column":24}},"loc":{"start":{"line":6,"column":24},"end":{"line":19,"column":null}},"line":6},"1":{"name":"SkeletonGrid","decl":{"start":{"line":21,"column":9},"end":{"line":21,"column":24}},"loc":{"start":{"line":21,"column":24},"end":{"line":31,"column":null}},"line":21},"2":{"name":"(anonymous_2)","decl":{"start":{"line":26,"column":13},"end":{"line":26,"column":14}},"loc":{"start":{"line":27,"column":10},"end":{"line":27,"column":null}},"line":27},"3":{"name":"EmptyState","decl":{"start":{"line":38,"column":9},"end":{"line":38,"column":20}},"loc":{"start":{"line":38,"column":59},"end":{"line":56,"column":null}},"line":38},"4":{"name":"ErrorState","decl":{"start":{"line":63,"column":9},"end":{"line":63,"column":20}},"loc":{"start":{"line":63,"column":59},"end":{"line":81,"column":null}},"line":63},"5":{"name":"CollectionGrid","decl":{"start":{"line":94,"column":24},"end":{"line":94,"column":39}},"loc":{"start":{"line":103,"column":24},"end":{"line":235,"column":null}},"line":103},"6":{"name":"(anonymous_6)","decl":{"start":{"line":108,"column":41},"end":{"line":108,"column":42}},"loc":{"start":{"line":108,"column":82},"end":{"line":110,"column":5}},"line":108},"7":{"name":"(anonymous_7)","decl":{"start":{"line":112,"column":40},"end":{"line":112,"column":41}},"loc":{"start":{"line":112,"column":78},"end":{"line":114,"column":5}},"line":112},"8":{"name":"(anonymous_8)","decl":{"start":{"line":116,"column":41},"end":{"line":116,"column":42}},"loc":{"start":{"line":116,"column":79},"end":{"line":118,"column":5}},"line":116},"9":{"name":"(anonymous_9)","decl":{"start":{"line":121,"column":12},"end":{"line":121,"column":18}},"loc":{"start":{"line":121,"column":18},"end":{"line":151,"column":5}},"line":121},"10":{"name":"(anonymous_10)","decl":{"start":{"line":122,"column":32},"end":{"line":122,"column":38}},"loc":{"start":{"line":122,"column":38},"end":{"line":134,"column":null}},"line":122},"11":{"name":"(anonymous_11)","decl":{"start":{"line":147,"column":11},"end":{"line":147,"column":17}},"loc":{"start":{"line":147,"column":17},"end":{"line":150,"column":null}},"line":147},"12":{"name":"(anonymous_12)","decl":{"start":{"line":155,"column":22},"end":{"line":155,"column":28}},"loc":{"start":{"line":155,"column":28},"end":{"line":155,"column":null}},"line":155},"13":{"name":"(anonymous_13)","decl":{"start":{"line":156,"column":18},"end":{"line":156,"column":24}},"loc":{"start":{"line":156,"column":24},"end":{"line":156,"column":null}},"line":156},"14":{"name":"(anonymous_14)","decl":{"start":{"line":176,"column":19},"end":{"line":176,"column":20}},"loc":{"start":{"line":177,"column":10},"end":{"line":183,"column":null}},"line":177},"15":{"name":"(anonymous_15)","decl":{"start":{"line":205,"column":43},"end":{"line":205,"column":44}},"loc":{"start":{"line":205,"column":60},"end":{"line":231,"column":9}},"line":205}},"branchMap":{"0":{"loc":{"start":{"line":44,"column":27},"end":{"line":44,"column":75}},"type":"binary-expr","locations":[{"start":{"line":44,"column":27},"end":{"line":44,"column":38}},{"start":{"line":44,"column":38},"end":{"line":44,"column":75}}],"line":44},"1":{"loc":{"start":{"line":45,"column":7},"end":{"line":52,"column":null}},"type":"binary-expr","locations":[{"start":{"line":45,"column":7},"end":{"line":45,"column":null}},{"start":{"line":46,"column":8},"end":{"line":52,"column":null}}],"line":45},"2":{"loc":{"start":{"line":69,"column":27},"end":{"line":69,"column":67}},"type":"binary-expr","locations":[{"start":{"line":69,"column":27},"end":{"line":69,"column":38}},{"start":{"line":69,"column":38},"end":{"line":69,"column":67}}],"line":69},"3":{"loc":{"start":{"line":70,"column":7},"end":{"line":77,"column":null}},"type":"binary-expr","locations":[{"start":{"line":70,"column":7},"end":{"line":70,"column":null}},{"start":{"line":71,"column":8},"end":{"line":77,"column":null}}],"line":70},"4":{"loc":{"start":{"line":125,"column":6},"end":{"line":133,"column":null}},"type":"if","locations":[{"start":{"line":125,"column":6},"end":{"line":133,"column":null}},{"start":{"line":127,"column":6},"end":{"line":133,"column":null}}],"line":125},"5":{"loc":{"start":{"line":127,"column":6},"end":{"line":133,"column":null}},"type":"if","locations":[{"start":{"line":127,"column":6},"end":{"line":133,"column":null}},{"start":{"line":129,"column":6},"end":{"line":133,"column":null}}],"line":127},"6":{"loc":{"start":{"line":129,"column":6},"end":{"line":133,"column":null}},"type":"if","locations":[{"start":{"line":129,"column":6},"end":{"line":133,"column":null}},{"start":{"line":131,"column":13},"end":{"line":133,"column":null}}],"line":129},"7":{"loc":{"start":{"line":140,"column":4},"end":{"line":142,"column":null}},"type":"if","locations":[{"start":{"line":140,"column":4},"end":{"line":142,"column":null}},{"start":{},"end":{}}],"line":140},"8":{"loc":{"start":{"line":154,"column":11},"end":{"line":154,"column":null}},"type":"binary-expr","locations":[{"start":{"line":154,"column":11},"end":{"line":154,"column":28}},{"start":{"line":154,"column":28},"end":{"line":154,"column":null}}],"line":154},"9":{"loc":{"start":{"line":160,"column":2},"end":{"line":162,"column":null}},"type":"if","locations":[{"start":{"line":160,"column":2},"end":{"line":162,"column":null}},{"start":{},"end":{}}],"line":160},"10":{"loc":{"start":{"line":164,"column":2},"end":{"line":166,"column":null}},"type":"if","locations":[{"start":{"line":164,"column":2},"end":{"line":166,"column":null}},{"start":{},"end":{}}],"line":164},"11":{"loc":{"start":{"line":168,"column":2},"end":{"line":170,"column":null}},"type":"if","locations":[{"start":{"line":168,"column":2},"end":{"line":170,"column":null}},{"start":{},"end":{}}],"line":168},"12":{"loc":{"start":{"line":173,"column":2},"end":{"line":187,"column":null}},"type":"if","locations":[{"start":{"line":173,"column":2},"end":{"line":187,"column":null}},{"start":{},"end":{}}],"line":173},"13":{"loc":{"start":{"line":178,"column":20},"end":{"line":178,"column":44}},"type":"binary-expr","locations":[{"start":{"line":178,"column":20},"end":{"line":178,"column":33}},{"start":{"line":178,"column":33},"end":{"line":178,"column":44}}],"line":178}},"s":{"0":0,"1":0,"2":0,"3":0,"4":0,"5":3,"6":3,"7":3,"8":0,"9":3,"10":0,"11":3,"12":0,"13":3,"14":3,"15":3,"16":3,"17":0,"18":3,"19":0,"20":3,"21":3,"22":0,"23":3,"24":3,"25":3,"26":0,"27":3,"28":3,"29":3,"30":3,"31":3,"32":3,"33":0,"34":3,"35":0,"36":3,"37":0,"38":3,"39":0,"40":3,"41":3,"42":3,"43":0,"44":0,"45":0},"f":{"0":0,"1":0,"2":0,"3":0,"4":0,"5":3,"6":0,"7":0,"8":0,"9":3,"10":3,"11":3,"12":3,"13":0,"14":3,"15":0},"b":{"0":[0,0],"1":[0,0],"2":[0,0],"3":[0,0],"4":[0,3],"5":[0,3],"6":[3,0],"7":[0,3],"8":[3,0],"9":[0,3],"10":[0,3],"11":[0,3],"12":[3,0],"13":[3,0]},"meta":{"lastBranch":14,"lastFunction":16,"lastStatement":46,"seen":{"f:6:9:6:24":0,"s:7:2:17:Infinity":0,"f:21:9:21:24":1,"s:22:2:29:Infinity":1,"f:26:13:26:14":2,"s:27:10:27:Infinity":2,"f:38:9:38:20":3,"s:39:2:54:Infinity":3,"b:44:27:44:38:44:38:44:75":0,"b:45:7:45:Infinity:46:8:52:Infinity":1,"f:63:9:63:20":4,"s:64:2:79:Infinity":4,"b:69:27:69:38:69:38:69:67":2,"b:70:7:70:Infinity:71:8:77:Infinity":3,"f:94:24:94:39":5,"s:104:8:104:Infinity":5,"s:105:40:105:Infinity":6,"s:108:8:110:Infinity":7,"f:108:41:108:42":6,"s:109:4:109:Infinity":8,"s:112:8:114:Infinity":9,"f:112:40:112:41":7,"s:113:4:113:Infinity":10,"s:116:8:118:Infinity":11,"f:116:41:116:42":8,"s:117:4:117:Infinity":12,"s:121:2:151:Infinity":13,"f:121:12:121:18":9,"s:122:32:134:Infinity":14,"f:122:32:122:38":10,"s:123:20:123:Infinity":15,"b:125:6:133:Infinity:127:6:133:Infinity":4,"s:125:6:133:Infinity":16,"s:126:8:126:Infinity":17,"b:127:6:133:Infinity:129:6:133:Infinity":5,"s:127:6:133:Infinity":18,"s:128:8:128:Infinity":19,"b:129:6:133:Infinity:131:13:133:Infinity":6,"s:129:6:133:Infinity":20,"s:130:8:130:Infinity":21,"s:132:8:132:Infinity":22,"s:136:4:136:Infinity":23,"s:139:27:139:Infinity":24,"b:140:4:142:Infinity:undefined:undefined:undefined:undefined":7,"s:140:4:142:Infinity":25,"s:141:6:141:Infinity":26,"s:145:4:145:Infinity":27,"s:147:4:150:Infinity":28,"f:147:11:147:17":11,"s:148:6:148:Infinity":29,"s:149:6:149:Infinity":30,"s:153:8:158:Infinity":31,"b:154:11:154:28:154:28:154:Infinity":8,"f:155:22:155:28":12,"s:155:28:155:Infinity":32,"f:156:18:156:24":13,"s:156:24:156:Infinity":33,"b:160:2:162:Infinity:undefined:undefined:undefined:undefined":9,"s:160:2:162:Infinity":34,"s:161:4:161:Infinity":35,"b:164:2:166:Infinity:undefined:undefined:undefined:undefined":10,"s:164:2:166:Infinity":36,"s:165:4:165:Infinity":37,"b:168:2:170:Infinity:undefined:undefined:undefined:undefined":11,"s:168:2:170:Infinity":38,"s:169:4:169:Infinity":39,"b:173:2:187:Infinity:undefined:undefined:undefined:undefined":12,"s:173:2:187:Infinity":40,"s:174:4:185:Infinity":41,"f:176:19:176:20":14,"s:177:10:183:Infinity":42,"b:178:20:178:33:178:33:178:44":13,"s:190:2:233:Infinity":43,"f:205:43:205:44":15,"s:206:23:206:Infinity":44,"s:207:10:229:Infinity":45}}}
,"/home/tng/workspace/pkmgradegap/web/src/react/CollectionStats.tsx": {"path":"/home/tng/workspace/pkmgradegap/web/src/react/CollectionStats.tsx","statementMap":{"0":{"start":{"line":4,"column":2},"end":{"line":8,"column":null}},"1":{"start":{"line":5,"column":4},"end":{"line":5,"column":null}},"2":{"start":{"line":7,"column":4},"end":{"line":7,"column":null}},"3":{"start":{"line":22,"column":2},"end":{"line":37,"column":null}},"4":{"start":{"line":67,"column":2},"end":{"line":79,"column":null}},"5":{"start":{"line":68,"column":4},"end":{"line":77,"column":null}},"6":{"start":{"line":71,"column":10},"end":{"line":75,"column":null}},"7":{"start":{"line":81,"column":2},"end":{"line":83,"column":null}},"8":{"start":{"line":82,"column":4},"end":{"line":82,"column":null}},"9":{"start":{"line":92,"column":6},"end":{"line":92,"column":null}},"10":{"start":{"line":95,"column":28},"end":{"line":97,"column":null}},"11":{"start":{"line":96,"column":25},"end":{"line":96,"column":40}},"12":{"start":{"line":97,"column":32},"end":{"line":97,"column":45}},"13":{"start":{"line":99,"column":2},"end":{"line":129,"column":null}}},"fnMap":{"0":{"name":"currency","decl":{"start":{"line":3,"column":9},"end":{"line":3,"column":18}},"loc":{"start":{"line":3,"column":56},"end":{"line":9,"column":null}},"line":3},"1":{"name":"StatCard","decl":{"start":{"line":21,"column":9},"end":{"line":21,"column":18}},"loc":{"start":{"line":21,"column":76},"end":{"line":39,"column":null}},"line":21},"2":{"name":"CollectionStats","decl":{"start":{"line":66,"column":24},"end":{"line":66,"column":40}},"loc":{"start":{"line":66,"column":82},"end":{"line":131,"column":null}},"line":66},"3":{"name":"(anonymous_3)","decl":{"start":{"line":70,"column":33},"end":{"line":70,"column":34}},"loc":{"start":{"line":71,"column":10},"end":{"line":75,"column":null}},"line":71},"4":{"name":"(anonymous_4)","decl":{"start":{"line":96,"column":12},"end":{"line":96,"column":13}},"loc":{"start":{"line":96,"column":25},"end":{"line":96,"column":40}},"line":96},"5":{"name":"(anonymous_5)","decl":{"start":{"line":97,"column":12},"end":{"line":97,"column":13}},"loc":{"start":{"line":97,"column":32},"end":{"line":97,"column":45}},"line":97}},"branchMap":{"0":{"loc":{"start":{"line":5,"column":91},"end":{"line":5,"column":97}},"type":"binary-expr","locations":[{"start":{"line":5,"column":91},"end":{"line":5,"column":96}},{"start":{"line":5,"column":96},"end":{"line":5,"column":97}}],"line":5},"1":{"loc":{"start":{"line":7,"column":16},"end":{"line":7,"column":24}},"type":"binary-expr","locations":[{"start":{"line":7,"column":16},"end":{"line":7,"column":21}},{"start":{"line":7,"column":21},"end":{"line":7,"column":24}}],"line":7},"2":{"loc":{"start":{"line":27,"column":7},"end":{"line":35,"column":null}},"type":"binary-expr","locations":[{"start":{"line":27,"column":7},"end":{"line":27,"column":null}},{"start":{"line":28,"column":8},"end":{"line":35,"column":null}}],"line":27},"3":{"loc":{"start":{"line":29,"column":10},"end":{"line":31,"column":null}},"type":"cond-expr","locations":[{"start":{"line":29,"column":27},"end":{"line":29,"column":null}},{"start":{"line":30,"column":10},"end":{"line":31,"column":null}}],"line":29},"4":{"loc":{"start":{"line":30,"column":10},"end":{"line":31,"column":null}},"type":"cond-expr","locations":[{"start":{"line":30,"column":29},"end":{"line":30,"column":null}},{"start":{"line":31,"column":10},"end":{"line":31,"column":null}}],"line":30},"5":{"loc":{"start":{"line":33,"column":17},"end":{"line":33,"column":69}},"type":"cond-expr","locations":[{"start":{"line":33,"column":34},"end":{"line":33,"column":40}},{"start":{"line":33,"column":40},"end":{"line":33,"column":69}}],"line":33},"6":{"loc":{"start":{"line":33,"column":40},"end":{"line":33,"column":69}},"type":"cond-expr","locations":[{"start":{"line":33,"column":59},"end":{"line":33,"column":65}},{"start":{"line":33,"column":65},"end":{"line":33,"column":69}}],"line":33},"7":{"loc":{"start":{"line":34,"column":17},"end":{"line":34,"column":35}},"type":"binary-expr","locations":[{"start":{"line":34,"column":17},"end":{"line":34,"column":31}},{"start":{"line":34,"column":31},"end":{"line":34,"column":35}}],"line":34},"8":{"loc":{"start":{"line":67,"column":2},"end":{"line":79,"column":null}},"type":"if","locations":[{"start":{"line":67,"column":2},"end":{"line":79,"column":null}},{"start":{},"end":{}}],"line":67},"9":{"loc":{"start":{"line":81,"column":2},"end":{"line":83,"column":null}},"type":"if","locations":[{"start":{"line":81,"column":2},"end":{"line":83,"column":null}},{"start":{},"end":{}}],"line":81},"10":{"loc":{"start":{"line":86,"column":4},"end":{"line":86,"column":null}},"type":"default-arg","locations":[{"start":{"line":86,"column":17},"end":{"line":86,"column":null}}],"line":86},"11":{"loc":{"start":{"line":87,"column":4},"end":{"line":87,"column":null}},"type":"default-arg","locations":[{"start":{"line":87,"column":17},"end":{"line":87,"column":null}}],"line":87},"12":{"loc":{"start":{"line":88,"column":4},"end":{"line":88,"column":null}},"type":"default-arg","locations":[{"start":{"line":88,"column":15},"end":{"line":88,"column":null}}],"line":88},"13":{"loc":{"start":{"line":89,"column":4},"end":{"line":89,"column":null}},"type":"default-arg","locations":[{"start":{"line":89,"column":18},"end":{"line":89,"column":null}}],"line":89},"14":{"loc":{"start":{"line":90,"column":4},"end":{"line":90,"column":null}},"type":"default-arg","locations":[{"start":{"line":90,"column":24},"end":{"line":90,"column":null}}],"line":90},"15":{"loc":{"start":{"line":91,"column":4},"end":{"line":91,"column":null}},"type":"default-arg","locations":[{"start":{"line":91,"column":12},"end":{"line":91,"column":null}}],"line":91},"16":{"loc":{"start":{"line":95,"column":28},"end":{"line":97,"column":null}},"type":"binary-expr","locations":[{"start":{"line":95,"column":28},"end":{"line":95,"column":43}},{"start":{"line":95,"column":43},"end":{"line":97,"column":null}}],"line":95},"17":{"loc":{"start":{"line":106,"column":20},"end":{"line":106,"column":null}},"type":"cond-expr","locations":[{"start":{"line":106,"column":45},"end":{"line":106,"column":90}},{"start":{"line":106,"column":90},"end":{"line":106,"column":null}}],"line":106},"18":{"loc":{"start":{"line":113,"column":20},"end":{"line":113,"column":null}},"type":"cond-expr","locations":[{"start":{"line":113,"column":45},"end":{"line":113,"column":85}},{"start":{"line":113,"column":85},"end":{"line":113,"column":null}}],"line":113},"19":{"loc":{"start":{"line":120,"column":20},"end":{"line":120,"column":null}},"type":"cond-expr","locations":[{"start":{"line":120,"column":43},"end":{"line":120,"column":86}},{"start":{"line":120,"column":86},"end":{"line":120,"column":null}}],"line":120},"20":{"loc":{"start":{"line":127,"column":20},"end":{"line":127,"column":null}},"type":"cond-expr","locations":[{"start":{"line":127,"column":46},"end":{"line":127,"column":87}},{"start":{"line":127,"column":87},"end":{"line":127,"column":null}}],"line":127}},"s":{"0":6,"1":6,"2":0,"3":12,"4":3,"5":0,"6":0,"7":3,"8":0,"9":3,"10":3,"11":0,"12":0,"13":3},"f":{"0":6,"1":12,"2":3,"3":0,"4":0,"5":0},"b":{"0":[6,0],"1":[0,0],"2":[12,0],"3":[0,0],"4":[0,0],"5":[0,0],"6":[0,0],"7":[0,0],"8":[0,3],"9":[0,3],"10":[3],"11":[3],"12":[3],"13":[3],"14":[3],"15":[3],"16":[3,3],"17":[0,3],"18":[0,3],"19":[0,3],"20":[0,3]},"meta":{"lastBranch":21,"lastFunction":6,"lastStatement":14,"seen":{"f:3:9:3:18":0,"s:4:2:8:Infinity":0,"s:5:4:5:Infinity":1,"b:5:91:5:96:5:96:5:97":0,"s:7:4:7:Infinity":2,"b:7:16:7:21:7:21:7:24":1,"f:21:9:21:18":1,"s:22:2:37:Infinity":3,"b:27:7:27:Infinity:28:8:35:Infinity":2,"b:29:27:29:Infinity:30:10:31:Infinity":3,"b:30:29:30:Infinity:31:10:31:Infinity":4,"b:33:34:33:40:33:40:33:69":5,"b:33:59:33:65:33:65:33:69":6,"b:34:17:34:31:34:31:34:35":7,"f:66:24:66:40":2,"b:67:2:79:Infinity:undefined:undefined:undefined:undefined":8,"s:67:2:79:Infinity":4,"s:68:4:77:Infinity":5,"f:70:33:70:34":3,"s:71:10:75:Infinity":6,"b:81:2:83:Infinity:undefined:undefined:undefined:undefined":9,"s:81:2:83:Infinity":7,"s:82:4:82:Infinity":8,"s:92:6:92:Infinity":9,"b:86:17:86:Infinity":10,"b:87:17:87:Infinity":11,"b:88:15:88:Infinity":12,"b:89:18:89:Infinity":13,"b:90:24:90:Infinity":14,"b:91:12:91:Infinity":15,"s:95:28:97:Infinity":10,"b:95:28:95:43:95:43:97:Infinity":16,"f:96:12:96:13":4,"s:96:25:96:40":11,"f:97:12:97:13":5,"s:97:32:97:45":12,"s:99:2:129:Infinity":13,"b:106:45:106:90:106:90:106:Infinity":17,"b:113:45:113:85:113:85:113:Infinity":18,"b:120:43:120:86:120:86:120:Infinity":19,"b:127:46:127:87:127:87:127:Infinity":20}}}
,"/home/tng/workspace/pkmgradegap/web/src/react/ErrorBoundary.tsx": {"path":"/home/tng/workspace/pkmgradegap/web/src/react/ErrorBoundary.tsx","statementMap":{"0":{"start":{"line":71,"column":16},"end":{"line":82,"column":null}},"1":{"start":{"line":84,"column":17},"end":{"line":86,"column":null}},"2":{"start":{"line":88,"column":17},"end":{"line":90,"column":null}},"3":{"start":{"line":42,"column":4},"end":{"line":42,"column":null}},"4":{"start":{"line":43,"column":4},"end":{"line":47,"column":null}},"5":{"start":{"line":52,"column":4},"end":{"line":52,"column":null}},"6":{"start":{"line":57,"column":4},"end":{"line":57,"column":null}},"7":{"start":{"line":60,"column":4},"end":{"line":63,"column":null}},"8":{"start":{"line":66,"column":4},"end":{"line":68,"column":null}},"9":{"start":{"line":67,"column":6},"end":{"line":67,"column":null}},"10":{"start":{"line":72,"column":4},"end":{"line":76,"column":null}},"11":{"start":{"line":79,"column":4},"end":{"line":81,"column":null}},"12":{"start":{"line":80,"column":6},"end":{"line":80,"column":null}},"13":{"start":{"line":85,"column":4},"end":{"line":85,"column":null}},"14":{"start":{"line":89,"column":4},"end":{"line":89,"column":null}},"15":{"start":{"line":93,"column":4},"end":{"line":170,"column":null}},"16":{"start":{"line":95,"column":6},"end":{"line":100,"column":null}},"17":{"start":{"line":96,"column":8},"end":{"line":98,"column":null}},"18":{"start":{"line":97,"column":10},"end":{"line":97,"column":null}},"19":{"start":{"line":99,"column":8},"end":{"line":99,"column":null}},"20":{"start":{"line":103,"column":6},"end":{"line":168,"column":null}},"21":{"start":{"line":172,"column":4},"end":{"line":172,"column":null}},"22":{"start":{"line":177,"column":53},"end":{"line":257,"column":null}}},"fnMap":{"0":{"name":"(anonymous_0)","decl":{"start":{"line":41,"column":2},"end":{"line":41,"column":14}},"loc":{"start":{"line":41,"column":41},"end":{"line":48,"column":null}},"line":41},"1":{"name":"(anonymous_1)","decl":{"start":{"line":50,"column":9},"end":{"line":50,"column":34}},"loc":{"start":{"line":50,"column":78},"end":{"line":53,"column":null}},"line":50},"2":{"name":"(anonymous_2)","decl":{"start":{"line":55,"column":2},"end":{"line":55,"column":20}},"loc":{"start":{"line":55,"column":60},"end":{"line":69,"column":null}},"line":55},"3":{"name":"(anonymous_3)","decl":{"start":{"line":71,"column":16},"end":{"line":71,"column":28}},"loc":{"start":{"line":71,"column":28},"end":{"line":82,"column":null}},"line":71},"4":{"name":"(anonymous_4)","decl":{"start":{"line":84,"column":17},"end":{"line":84,"column":29}},"loc":{"start":{"line":84,"column":29},"end":{"line":86,"column":null}},"line":84},"5":{"name":"(anonymous_5)","decl":{"start":{"line":88,"column":17},"end":{"line":88,"column":29}},"loc":{"start":{"line":88,"column":29},"end":{"line":90,"column":null}},"line":88},"6":{"name":"(anonymous_6)","decl":{"start":{"line":92,"column":2},"end":{"line":92,"column":22}},"loc":{"start":{"line":92,"column":22},"end":{"line":173,"column":null}},"line":92}},"branchMap":{"0":{"loc":{"start":{"line":66,"column":4},"end":{"line":68,"column":null}},"type":"if","locations":[{"start":{"line":66,"column":4},"end":{"line":68,"column":null}},{"start":{},"end":{}}],"line":66},"1":{"loc":{"start":{"line":79,"column":4},"end":{"line":81,"column":null}},"type":"if","locations":[{"start":{"line":79,"column":4},"end":{"line":81,"column":null}},{"start":{},"end":{}}],"line":79},"2":{"loc":{"start":{"line":93,"column":4},"end":{"line":170,"column":null}},"type":"if","locations":[{"start":{"line":93,"column":4},"end":{"line":170,"column":null}},{"start":{},"end":{}}],"line":93},"3":{"loc":{"start":{"line":95,"column":6},"end":{"line":100,"column":null}},"type":"if","locations":[{"start":{"line":95,"column":6},"end":{"line":100,"column":null}},{"start":{},"end":{}}],"line":95},"4":{"loc":{"start":{"line":96,"column":8},"end":{"line":98,"column":null}},"type":"if","locations":[{"start":{"line":96,"column":8},"end":{"line":98,"column":null}},{"start":{},"end":{}}],"line":96},"5":{"loc":{"start":{"line":111,"column":15},"end":{"line":111,"column":null}},"type":"binary-expr","locations":[{"start":{"line":111,"column":15},"end":{"line":111,"column":35}},{"start":{"line":111,"column":35},"end":{"line":111,"column":null}}],"line":111},"6":{"loc":{"start":{"line":115,"column":15},"end":{"line":116,"column":null}},"type":"binary-expr","locations":[{"start":{"line":115,"column":15},"end":{"line":115,"column":null}},{"start":{"line":116,"column":16},"end":{"line":116,"column":null}}],"line":115},"7":{"loc":{"start":{"line":120,"column":13},"end":{"line":130,"column":null}},"type":"binary-expr","locations":[{"start":{"line":120,"column":13},"end":{"line":120,"column":46}},{"start":{"line":120,"column":46},"end":{"line":120,"column":90}},{"start":{"line":120,"column":90},"end":{"line":120,"column":null}},{"start":{"line":121,"column":14},"end":{"line":130,"column":null}}],"line":120},"8":{"loc":{"start":{"line":134,"column":15},"end":{"line":142,"column":null}},"type":"binary-expr","locations":[{"start":{"line":134,"column":15},"end":{"line":134,"column":null}},{"start":{"line":135,"column":16},"end":{"line":142,"column":null}}],"line":134},"9":{"loc":{"start":{"line":145,"column":15},"end":{"line":153,"column":null}},"type":"binary-expr","locations":[{"start":{"line":145,"column":15},"end":{"line":145,"column":null}},{"start":{"line":146,"column":16},"end":{"line":153,"column":null}}],"line":145},"10":{"loc":{"start":{"line":156,"column":15},"end":{"line":164,"column":null}},"type":"binary-expr","locations":[{"start":{"line":156,"column":15},"end":{"line":156,"column":null}},{"start":{"line":157,"column":16},"end":{"line":164,"column":null}}],"line":156}},"s":{"0":2,"1":1,"2":1,"3":45,"4":45,"5":42,"6":21,"7":21,"8":21,"9":2,"10":2,"11":2,"12":1,"13":1,"14":1,"15":110,"16":63,"17":9,"18":3,"19":6,"20":54,"21":47,"22":1},"f":{"0":45,"1":1,"2":21,"3":2,"4":1,"5":1,"6":110},"b":{"0":[2,19],"1":[1,1],"2":[63,47],"3":[9,54],"4":[3,6],"5":[54,51],"6":[63,51],"7":[63,54,42,14],"8":[63,51],"9":[63,51],"10":[63,51]},"meta":{"lastBranch":11,"lastFunction":7,"lastStatement":23,"seen":{"s:71:16:82:Infinity":0,"s:84:17:86:Infinity":1,"s:88:17:90:Infinity":2,"f:41:2:41:14":0,"s:42:4:42:Infinity":3,"s:43:4:47:Infinity":4,"f:50:9:50:34":1,"s:52:4:52:Infinity":5,"f:55:2:55:20":2,"s:57:4:57:Infinity":6,"s:60:4:63:Infinity":7,"b:66:4:68:Infinity:undefined:undefined:undefined:undefined":0,"s:66:4:68:Infinity":8,"s:67:6:67:Infinity":9,"f:71:16:71:28":3,"s:72:4:76:Infinity":10,"b:79:4:81:Infinity:undefined:undefined:undefined:undefined":1,"s:79:4:81:Infinity":11,"s:80:6:80:Infinity":12,"f:84:17:84:29":4,"s:85:4:85:Infinity":13,"f:88:17:88:29":5,"s:89:4:89:Infinity":14,"f:92:2:92:22":6,"b:93:4:170:Infinity:undefined:undefined:undefined:undefined":2,"s:93:4:170:Infinity":15,"b:95:6:100:Infinity:undefined:undefined:undefined:undefined":3,"s:95:6:100:Infinity":16,"b:96:8:98:Infinity:undefined:undefined:undefined:undefined":4,"s:96:8:98:Infinity":17,"s:97:10:97:Infinity":18,"s:99:8:99:Infinity":19,"s:103:6:168:Infinity":20,"b:111:15:111:35:111:35:111:Infinity":5,"b:115:15:115:Infinity:116:16:116:Infinity":6,"b:120:13:120:46:120:46:120:90:120:90:120:Infinity:121:14:130:Infinity":7,"b:134:15:134:Infinity:135:16:142:Infinity":8,"b:145:15:145:Infinity:146:16:153:Infinity":9,"b:156:15:156:Infinity:157:16:164:Infinity":10,"s:172:4:172:Infinity":21,"s:177:53:257:Infinity":22}}}
,"/home/tng/workspace/pkmgradegap/web/src/react/OpportunityCard.tsx": {"path":"/home/tng/workspace/pkmgradegap/web/src/react/OpportunityCard.tsx","statementMap":{"0":{"start":{"line":8,"column":2},"end":{"line":12,"column":null}},"1":{"start":{"line":9,"column":4},"end":{"line":9,"column":null}},"2":{"start":{"line":11,"column":4},"end":{"line":11,"column":null}},"3":{"start":{"line":50,"column":6},"end":{"line":50,"column":null}},"4":{"start":{"line":53,"column":24},"end":{"line":53,"column":null}},"5":{"start":{"line":55,"column":2},"end":{"line":163,"column":null}},"6":{"start":{"line":64,"column":8},"end":{"line":67,"column":null}},"7":{"start":{"line":65,"column":10},"end":{"line":65,"column":null}},"8":{"start":{"line":66,"column":10},"end":{"line":66,"column":null}},"9":{"start":{"line":89,"column":27},"end":{"line":89,"column":null}},"10":{"start":{"line":136,"column":14},"end":{"line":138,"column":null}},"11":{"start":{"line":150,"column":25},"end":{"line":150,"column":null}},"12":{"start":{"line":158,"column":25},"end":{"line":158,"column":null}},"13":{"start":{"line":170,"column":2},"end":{"line":178,"column":null}}},"fnMap":{"0":{"name":"currency","decl":{"start":{"line":7,"column":9},"end":{"line":7,"column":18}},"loc":{"start":{"line":7,"column":56},"end":{"line":13,"column":null}},"line":7},"1":{"name":"OpportunityCard","decl":{"start":{"line":34,"column":9},"end":{"line":34,"column":25}},"loc":{"start":{"line":38,"column":25},"end":{"line":165,"column":null}},"line":38},"2":{"name":"(anonymous_2)","decl":{"start":{"line":63,"column":17},"end":{"line":63,"column":18}},"loc":{"start":{"line":63,"column":24},"end":{"line":68,"column":null}},"line":63},"3":{"name":"(anonymous_3)","decl":{"start":{"line":89,"column":20},"end":{"line":89,"column":21}},"loc":{"start":{"line":89,"column":27},"end":{"line":89,"column":null}},"line":89},"4":{"name":"(anonymous_4)","decl":{"start":{"line":135,"column":22},"end":{"line":135,"column":23}},"loc":{"start":{"line":136,"column":14},"end":{"line":138,"column":null}},"line":136},"5":{"name":"(anonymous_5)","decl":{"start":{"line":150,"column":19},"end":{"line":150,"column":25}},"loc":{"start":{"line":150,"column":25},"end":{"line":150,"column":null}},"line":150},"6":{"name":"(anonymous_6)","decl":{"start":{"line":158,"column":19},"end":{"line":158,"column":25}},"loc":{"start":{"line":158,"column":25},"end":{"line":158,"column":null}},"line":158},"7":{"name":"(anonymous_7)","decl":{"start":{"line":168,"column":37},"end":{"line":168,"column":38}},"loc":{"start":{"line":168,"column":63},"end":{"line":180,"column":1}},"line":168}},"branchMap":{"0":{"loc":{"start":{"line":9,"column":91},"end":{"line":9,"column":97}},"type":"binary-expr","locations":[{"start":{"line":9,"column":91},"end":{"line":9,"column":96}},{"start":{"line":9,"column":96},"end":{"line":9,"column":97}}],"line":9},"1":{"loc":{"start":{"line":11,"column":16},"end":{"line":11,"column":24}},"type":"binary-expr","locations":[{"start":{"line":11,"column":16},"end":{"line":11,"column":21}},{"start":{"line":11,"column":21},"end":{"line":11,"column":24}}],"line":11},"2":{"loc":{"start":{"line":49,"column":4},"end":{"line":49,"column":null}},"type":"default-arg","locations":[{"start":{"line":49,"column":11},"end":{"line":49,"column":null}}],"line":49},"3":{"loc":{"start":{"line":53,"column":24},"end":{"line":53,"column":null}},"type":"binary-expr","locations":[{"start":{"line":53,"column":24},"end":{"line":53,"column":51}},{"start":{"line":53,"column":51},"end":{"line":53,"column":null}}],"line":53},"4":{"loc":{"start":{"line":64,"column":8},"end":{"line":67,"column":null}},"type":"if","locations":[{"start":{"line":64,"column":8},"end":{"line":67,"column":null}},{"start":{},"end":{}}],"line":64},"5":{"loc":{"start":{"line":64,"column":12},"end":{"line":64,"column":48}},"type":"binary-expr","locations":[{"start":{"line":64,"column":12},"end":{"line":64,"column":33}},{"start":{"line":64,"column":33},"end":{"line":64,"column":48}}],"line":64},"6":{"loc":{"start":{"line":72,"column":7},"end":{"line":77,"column":null}},"type":"binary-expr","locations":[{"start":{"line":72,"column":7},"end":{"line":72,"column":null}},{"start":{"line":73,"column":8},"end":{"line":77,"column":null}}],"line":72},"7":{"loc":{"start":{"line":82,"column":9},"end":{"line":96,"column":null}},"type":"cond-expr","locations":[{"start":{"line":83,"column":10},"end":{"line":92,"column":null}},{"start":{"line":94,"column":10},"end":{"line":96,"column":null}}],"line":82},"8":{"loc":{"start":{"line":133,"column":9},"end":{"line":140,"column":null}},"type":"binary-expr","locations":[{"start":{"line":133,"column":9},"end":{"line":133,"column":null}},{"start":{"line":134,"column":10},"end":{"line":140,"column":null}}],"line":133},"9":{"loc":{"start":{"line":171,"column":4},"end":{"line":178,"column":null}},"type":"binary-expr","locations":[{"start":{"line":171,"column":4},"end":{"line":171,"column":null}},{"start":{"line":172,"column":4},"end":{"line":172,"column":null}},{"start":{"line":173,"column":4},"end":{"line":173,"column":null}},{"start":{"line":174,"column":4},"end":{"line":174,"column":null}},{"start":{"line":175,"column":4},"end":{"line":175,"column":null}},{"start":{"line":176,"column":4},"end":{"line":176,"column":null}},{"start":{"line":177,"column":4},"end":{"line":177,"column":null}},{"start":{"line":178,"column":4},"end":{"line":178,"column":null}}],"line":171}},"s":{"0":45,"1":45,"2":0,"3":15,"4":15,"5":15,"6":2,"7":2,"8":2,"9":0,"10":26,"11":1,"12":1,"13":0},"f":{"0":45,"1":15,"2":2,"3":0,"4":26,"5":1,"6":1,"7":0},"b":{"0":[45,0],"1":[0,0],"2":[15],"3":[15,15],"4":[2,0],"5":[2,1],"6":[15,13],"7":[14,1],"8":[15,13],"9":[0,0,0,0,0,0,0,0]},"meta":{"lastBranch":10,"lastFunction":8,"lastStatement":14,"seen":{"f:7:9:7:18":0,"s:8:2:12:Infinity":0,"s:9:4:9:Infinity":1,"b:9:91:9:96:9:96:9:97":0,"s:11:4:11:Infinity":2,"b:11:16:11:21:11:21:11:24":1,"f:34:9:34:25":1,"s:50:6:50:Infinity":3,"b:49:11:49:Infinity":2,"s:53:24:53:Infinity":4,"b:53:24:53:51:53:51:53:Infinity":3,"s:55:2:163:Infinity":5,"f:63:17:63:18":2,"b:64:8:67:Infinity:undefined:undefined:undefined:undefined":4,"s:64:8:67:Infinity":6,"b:64:12:64:33:64:33:64:48":5,"s:65:10:65:Infinity":7,"s:66:10:66:Infinity":8,"b:72:7:72:Infinity:73:8:77:Infinity":6,"b:83:10:92:Infinity:94:10:96:Infinity":7,"f:89:20:89:21":3,"s:89:27:89:Infinity":9,"b:133:9:133:Infinity:134:10:140:Infinity":8,"f:135:22:135:23":4,"s:136:14:138:Infinity":10,"f:150:19:150:25":5,"s:150:25:150:Infinity":11,"f:158:19:158:25":6,"s:158:25:158:Infinity":12,"f:168:37:168:38":7,"s:170:2:178:Infinity":13,"b:171:4:171:Infinity:172:4:172:Infinity:173:4:173:Infinity:174:4:174:Infinity:175:4:175:Infinity:176:4:176:Infinity:177:4:177:Infinity:178:4:178:Infinity":9}}}
,"/home/tng/workspace/pkmgradegap/web/src/react/OpportunityGrid.tsx": {"path":"/home/tng/workspace/pkmgradegap/web/src/react/OpportunityGrid.tsx","statementMap":{"0":{"start":{"line":11,"column":14},"end":{"line":11,"column":null}},"1":{"start":{"line":12,"column":17},"end":{"line":12,"column":null}},"2":{"start":{"line":13,"column":2},"end":{"line":13,"column":null}},"3":{"start":{"line":13,"column":17},"end":{"line":13,"column":null}},"4":{"start":{"line":14,"column":2},"end":{"line":14,"column":null}},"5":{"start":{"line":18,"column":2},"end":{"line":27,"column":null}},"6":{"start":{"line":32,"column":2},"end":{"line":39,"column":null}},"7":{"start":{"line":37,"column":10},"end":{"line":37,"column":null}},"8":{"start":{"line":44,"column":2},"end":{"line":50,"column":null}},"9":{"start":{"line":62,"column":8},"end":{"line":62,"column":null}},"10":{"start":{"line":63,"column":40},"end":{"line":63,"column":null}},"11":{"start":{"line":64,"column":24},"end":{"line":64,"column":null}},"12":{"start":{"line":67,"column":8},"end":{"line":162,"column":null}},"13":{"start":{"line":68,"column":4},"end":{"line":68,"column":null}},"14":{"start":{"line":68,"column":38},"end":{"line":68,"column":null}},"15":{"start":{"line":70,"column":4},"end":{"line":161,"column":null}},"16":{"start":{"line":72,"column":6},"end":{"line":81,"column":null}},"17":{"start":{"line":73,"column":23},"end":{"line":73,"column":null}},"18":{"start":{"line":74,"column":28},"end":{"line":74,"column":null}},"19":{"start":{"line":75,"column":27},"end":{"line":75,"column":null}},"20":{"start":{"line":76,"column":26},"end":{"line":76,"column":null}},"21":{"start":{"line":78,"column":8},"end":{"line":80,"column":null}},"22":{"start":{"line":79,"column":10},"end":{"line":79,"column":null}},"23":{"start":{"line":84,"column":6},"end":{"line":89,"column":null}},"24":{"start":{"line":85,"column":20},"end":{"line":85,"column":null}},"25":{"start":{"line":86,"column":8},"end":{"line":88,"column":null}},"26":{"start":{"line":87,"column":10},"end":{"line":87,"column":null}},"27":{"start":{"line":92,"column":26},"end":{"line":92,"column":null}},"28":{"start":{"line":93,"column":28},"end":{"line":93,"column":null}},"29":{"start":{"line":94,"column":6},"end":{"line":103,"column":null}},"30":{"start":{"line":95,"column":34},"end":{"line":95,"column":null}},"31":{"start":{"line":96,"column":36},"end":{"line":98,"column":null}},"32":{"start":{"line":97,"column":24},"end":{"line":97,"column":null}},"33":{"start":{"line":100,"column":8},"end":{"line":102,"column":null}},"34":{"start":{"line":101,"column":10},"end":{"line":101,"column":null}},"35":{"start":{"line":106,"column":6},"end":{"line":122,"column":null}},"36":{"start":{"line":107,"column":20},"end":{"line":107,"column":null}},"37":{"start":{"line":108,"column":26},"end":{"line":108,"column":null}},"38":{"start":{"line":109,"column":26},"end":{"line":109,"column":null}},"39":{"start":{"line":111,"column":8},"end":{"line":121,"column":null}},"40":{"start":{"line":112,"column":10},"end":{"line":114,"column":null}},"41":{"start":{"line":113,"column":12},"end":{"line":113,"column":null}},"42":{"start":{"line":115,"column":10},"end":{"line":117,"column":null}},"43":{"start":{"line":116,"column":12},"end":{"line":116,"column":null}},"44":{"start":{"line":118,"column":10},"end":{"line":120,"column":null}},"45":{"start":{"line":119,"column":12},"end":{"line":119,"column":null}},"46":{"start":{"line":125,"column":6},"end":{"line":130,"column":null}},"47":{"start":{"line":126,"column":28},"end":{"line":126,"column":null}},"48":{"start":{"line":127,"column":8},"end":{"line":129,"column":null}},"49":{"start":{"line":128,"column":10},"end":{"line":128,"column":null}},"50":{"start":{"line":132,"column":6},"end":{"line":137,"column":null}},"51":{"start":{"line":133,"column":28},"end":{"line":133,"column":null}},"52":{"start":{"line":134,"column":8},"end":{"line":136,"column":null}},"53":{"start":{"line":135,"column":10},"end":{"line":135,"column":null}},"54":{"start":{"line":139,"column":6},"end":{"line":144,"column":null}},"55":{"start":{"line":140,"column":22},"end":{"line":140,"column":null}},"56":{"start":{"line":141,"column":8},"end":{"line":143,"column":null}},"57":{"start":{"line":142,"column":10},"end":{"line":142,"column":null}},"58":{"start":{"line":146,"column":6},"end":{"line":151,"column":null}},"59":{"start":{"line":147,"column":22},"end":{"line":147,"column":null}},"60":{"start":{"line":148,"column":8},"end":{"line":150,"column":null}},"61":{"start":{"line":149,"column":10},"end":{"line":149,"column":null}},"62":{"start":{"line":153,"column":6},"end":{"line":158,"column":null}},"63":{"start":{"line":154,"column":23},"end":{"line":154,"column":null}},"64":{"start":{"line":155,"column":8},"end":{"line":157,"column":null}},"65":{"start":{"line":156,"column":10},"end":{"line":156,"column":null}},"66":{"start":{"line":160,"column":6},"end":{"line":160,"column":null}},"67":{"start":{"line":165,"column":2},"end":{"line":194,"column":null}},"68":{"start":{"line":166,"column":32},"end":{"line":177,"column":null}},"69":{"start":{"line":167,"column":20},"end":{"line":167,"column":null}},"70":{"start":{"line":168,"column":6},"end":{"line":176,"column":null}},"71":{"start":{"line":169,"column":8},"end":{"line":169,"column":null}},"72":{"start":{"line":170,"column":6},"end":{"line":176,"column":null}},"73":{"start":{"line":171,"column":8},"end":{"line":171,"column":null}},"74":{"start":{"line":172,"column":6},"end":{"line":176,"column":null}},"75":{"start":{"line":173,"column":8},"end":{"line":173,"column":null}},"76":{"start":{"line":175,"column":8},"end":{"line":175,"column":null}},"77":{"start":{"line":179,"column":4},"end":{"line":179,"column":null}},"78":{"start":{"line":182,"column":27},"end":{"line":182,"column":null}},"79":{"start":{"line":183,"column":4},"end":{"line":185,"column":null}},"80":{"start":{"line":184,"column":6},"end":{"line":184,"column":null}},"81":{"start":{"line":188,"column":4},"end":{"line":188,"column":null}},"82":{"start":{"line":190,"column":4},"end":{"line":193,"column":null}},"83":{"start":{"line":191,"column":6},"end":{"line":191,"column":null}},"84":{"start":{"line":192,"column":6},"end":{"line":192,"column":null}},"85":{"start":{"line":196,"column":8},"end":{"line":201,"column":null}},"86":{"start":{"line":198,"column":28},"end":{"line":198,"column":null}},"87":{"start":{"line":199,"column":24},"end":{"line":199,"column":null}},"88":{"start":{"line":203,"column":2},"end":{"line":205,"column":null}},"89":{"start":{"line":204,"column":4},"end":{"line":204,"column":null}},"90":{"start":{"line":207,"column":2},"end":{"line":209,"column":null}},"91":{"start":{"line":208,"column":4},"end":{"line":208,"column":null}},"92":{"start":{"line":212,"column":2},"end":{"line":225,"column":null}},"93":{"start":{"line":213,"column":4},"end":{"line":223,"column":null}},"94":{"start":{"line":216,"column":10},"end":{"line":221,"column":null}},"95":{"start":{"line":228,"column":2},"end":{"line":270,"column":null}},"96":{"start":{"line":244,"column":23},"end":{"line":244,"column":null}},"97":{"start":{"line":245,"column":10},"end":{"line":266,"column":null}}},"fnMap":{"0":{"name":"calculateROI","decl":{"start":{"line":10,"column":9},"end":{"line":10,"column":22}},"loc":{"start":{"line":10,"column":57},"end":{"line":15,"column":null}},"line":10},"1":{"name":"SkeletonCard","decl":{"start":{"line":17,"column":9},"end":{"line":17,"column":24}},"loc":{"start":{"line":17,"column":24},"end":{"line":29,"column":null}},"line":17},"2":{"name":"SkeletonGrid","decl":{"start":{"line":31,"column":9},"end":{"line":31,"column":24}},"loc":{"start":{"line":31,"column":24},"end":{"line":41,"column":null}},"line":31},"3":{"name":"(anonymous_3)","decl":{"start":{"line":36,"column":13},"end":{"line":36,"column":14}},"loc":{"start":{"line":37,"column":10},"end":{"line":37,"column":null}},"line":37},"4":{"name":"EmptyState","decl":{"start":{"line":43,"column":9},"end":{"line":43,"column":22}},"loc":{"start":{"line":43,"column":22},"end":{"line":52,"column":null}},"line":43},"5":{"name":"OpportunityGrid","decl":{"start":{"line":61,"column":24},"end":{"line":61,"column":40}},"loc":{"start":{"line":61,"column":109},"end":{"line":272,"column":null}},"line":61},"6":{"name":"(anonymous_6)","decl":{"start":{"line":67,"column":32},"end":{"line":67,"column":38}},"loc":{"start":{"line":67,"column":38},"end":{"line":162,"column":5}},"line":67},"7":{"name":"(anonymous_7)","decl":{"start":{"line":70,"column":24},"end":{"line":70,"column":32}},"loc":{"start":{"line":70,"column":32},"end":{"line":161,"column":5}},"line":70},"8":{"name":"(anonymous_8)","decl":{"start":{"line":97,"column":10},"end":{"line":97,"column":24}},"loc":{"start":{"line":97,"column":24},"end":{"line":97,"column":null}},"line":97},"9":{"name":"(anonymous_9)","decl":{"start":{"line":165,"column":12},"end":{"line":165,"column":18}},"loc":{"start":{"line":165,"column":18},"end":{"line":194,"column":5}},"line":165},"10":{"name":"(anonymous_10)","decl":{"start":{"line":166,"column":32},"end":{"line":166,"column":38}},"loc":{"start":{"line":166,"column":38},"end":{"line":177,"column":null}},"line":166},"11":{"name":"(anonymous_11)","decl":{"start":{"line":190,"column":11},"end":{"line":190,"column":17}},"loc":{"start":{"line":190,"column":17},"end":{"line":193,"column":null}},"line":190},"12":{"name":"(anonymous_12)","decl":{"start":{"line":198,"column":22},"end":{"line":198,"column":28}},"loc":{"start":{"line":198,"column":28},"end":{"line":198,"column":null}},"line":198},"13":{"name":"(anonymous_13)","decl":{"start":{"line":199,"column":18},"end":{"line":199,"column":24}},"loc":{"start":{"line":199,"column":24},"end":{"line":199,"column":null}},"line":199},"14":{"name":"(anonymous_14)","decl":{"start":{"line":215,"column":27},"end":{"line":215,"column":28}},"loc":{"start":{"line":216,"column":10},"end":{"line":221,"column":null}},"line":216},"15":{"name":"(anonymous_15)","decl":{"start":{"line":243,"column":43},"end":{"line":243,"column":44}},"loc":{"start":{"line":243,"column":60},"end":{"line":268,"column":9}},"line":243}},"branchMap":{"0":{"loc":{"start":{"line":11,"column":14},"end":{"line":11,"column":null}},"type":"binary-expr","locations":[{"start":{"line":11,"column":14},"end":{"line":11,"column":51}},{"start":{"line":11,"column":51},"end":{"line":11,"column":null}}],"line":11},"1":{"loc":{"start":{"line":12,"column":17},"end":{"line":12,"column":null}},"type":"binary-expr","locations":[{"start":{"line":12,"column":17},"end":{"line":12,"column":57}},{"start":{"line":12,"column":57},"end":{"line":12,"column":null}}],"line":12},"2":{"loc":{"start":{"line":13,"column":2},"end":{"line":13,"column":null}},"type":"if","locations":[{"start":{"line":13,"column":2},"end":{"line":13,"column":null}},{"start":{},"end":{}}],"line":13},"3":{"loc":{"start":{"line":68,"column":4},"end":{"line":68,"column":null}},"type":"if","locations":[{"start":{"line":68,"column":4},"end":{"line":68,"column":null}},{"start":{},"end":{}}],"line":68},"4":{"loc":{"start":{"line":68,"column":8},"end":{"line":68,"column":38}},"type":"binary-expr","locations":[{"start":{"line":68,"column":8},"end":{"line":68,"column":18}},{"start":{"line":68,"column":18},"end":{"line":68,"column":38}}],"line":68},"5":{"loc":{"start":{"line":72,"column":6},"end":{"line":81,"column":null}},"type":"if","locations":[{"start":{"line":72,"column":6},"end":{"line":81,"column":null}},{"start":{},"end":{}}],"line":72},"6":{"loc":{"start":{"line":78,"column":8},"end":{"line":80,"column":null}},"type":"if","locations":[{"start":{"line":78,"column":8},"end":{"line":80,"column":null}},{"start":{},"end":{}}],"line":78},"7":{"loc":{"start":{"line":78,"column":12},"end":{"line":78,"column":55}},"type":"binary-expr","locations":[{"start":{"li
[...]
e":"binary-expr","locations":[{"start":{"line":100,"column":24},"end":{"line":100,"column":32}},{"start":{"line":100,"column":32},"end":{"line":100,"column":44}},{"start":{"line":100,"column":44},"end":{"line":100,"column":null}}],"line":100},"2":{"loc":{"start":{"line":101,"column":30},"end":{"line":101,"column":null}},"type":"cond-expr","locations":[{"start":{"line":101,"column":37},"end":{"line":101,"column":52}},{"start":{"line":101,"column":52},"end":{"line":101,"column":null}}],"line":101},"3":{"loc":{"start":{"line":101,"column":52},"end":{"line":101,"column":null}},"type":"cond-expr","locations":[{"start":{"line":101,"column":63},"end":{"line":101,"column":72}},{"start":{"line":101,"column":72},"end":{"line":101,"column":null}}],"line":101},"4":{"loc":{"start":{"line":107,"column":18},"end":{"line":107,"column":null}},"type":"binary-expr","locations":[{"start":{"line":107,"column":18},"end":{"line":107,"column":30}},{"start":{"line":107,"column":30},"end":{"line":107,"column":null}}],"line":107},"5":{"loc":{"start":{"line":110,"column":9},"end":{"line":128,"column":null}},"type":"cond-expr","locations":[{"start":{"line":111,"column":10},"end":{"line":114,"column":null}},{"start":{"line":116,"column":10},"end":{"line":128,"column":null}}],"line":110},"6":{"loc":{"start":{"line":113,"column":13},"end":{"line":113,"column":null}},"type":"binary-expr","locations":[{"start":{"line":113,"column":13},"end":{"line":113,"column":25}},{"start":{"line":113,"column":25},"end":{"line":113,"column":null}}],"line":113},"7":{"loc":{"start":{"line":117,"column":13},"end":{"line":120,"column":null}},"type":"binary-expr","locations":[{"start":{"line":117,"column":13},"end":{"line":117,"column":28}},{"start":{"line":117,"column":28},"end":{"line":117,"column":null}},{"start":{"line":118,"column":14},"end":{"line":120,"column":null}}],"line":117},"8":{"loc":{"start":{"line":123,"column":13},"end":{"line":126,"column":null}},"type":"binary-expr","locations":[{"start":{"line":123,"column":13},"end":{"line":123,"column":28}},{"start":{"line":123,"column":28},"end":{"line":123,"column":null}},{"start":{"line":124,"column":14},"end":{"line":126,"column":null}}],"line":123},"9":{"loc":{"start":{"line":151,"column":19},"end":{"line":151,"column":31}},"type":"default-arg","locations":[{"start":{"line":151,"column":26},"end":{"line":151,"column":31}}],"line":151},"10":{"loc":{"start":{"line":159,"column":22},"end":{"line":159,"column":null}},"type":"binary-expr","locations":[{"start":{"line":159,"column":22},"end":{"line":159,"column":30}},{"start":{"line":159,"column":30},"end":{"line":159,"column":null}}],"line":159}},"s":{"0":6,"1":6,"2":191,"3":191,"4":191,"5":6,"6":6,"7":6,"8":6},"f":{"0":191,"1":6},"b":{"0":[191],"1":[191,187,186],"2":[4,187],"3":[1,186],"4":[191,181],"5":[6,185],"6":[6,5],"7":[185,6,4],"8":[185,6,2],"9":[6],"10":[6,0]},"meta":{"lastBranch":11,"lastFunction":2,"lastStatement":9,"seen":{"s:11:6:40:Infinity":0,"s:84:6:133:Infinity":1,"f:85:2:85:3":0,"b:92:19:92:Infinity":0,"s:100:24:100:Infinity":2,"b:100:24:100:32:100:32:100:44:100:44:100:Infinity":1,"s:101:30:101:Infinity":3,"b:101:37:101:52:101:52:101:Infinity":2,"b:101:63:101:72:101:72:101:Infinity":3,"s:103:4:130:Infinity":4,"b:107:18:107:30:107:30:107:Infinity":4,"b:111:10:114:Infinity:116:10:128:Infinity":5,"b:113:13:113:25:113:25:113:Infinity":6,"b:117:13:117:28:117:28:117:Infinity:118:14:120:Infinity":7,"b:123:13:123:28:123:28:123:Infinity:124:14:126:Infinity":8,"s:135:0:135:Infinity":5,"f:151:9:151:17":1,"b:151:26:151:31":9,"s:152:22:157:Infinity":6,"s:159:22:159:Infinity":7,"b:159:22:159:30:159:30:159:Infinity":10,"s:161:2:183:Infinity":8}}}
,"/home/tng/workspace/pkmgradegap/web/src/react/ui/Card.tsx": {"path":"/home/tng/workspace/pkmgradegap/web/src/react/ui/Card.tsx","statementMap":{"0":{"start":{"line":10,"column":6},"end":{"line":33,"column":null}},"1":{"start":{"line":66,"column":6},"end":{"line":78,"column":null}},"2":{"start":{"line":68,"column":4},"end":{"line":75,"column":null}},"3":{"start":{"line":80,"column":0},"end":{"line":80,"column":null}},"4":{"start":{"line":87,"column":13},"end":{"line":95,"column":null}},"5":{"start":{"line":89,"column":4},"end":{"line":93,"column":null}},"6":{"start":{"line":96,"column":0},"end":{"line":96,"column":null}},"7":{"start":{"line":101,"column":13},"end":{"line":109,"column":null}},"8":{"start":{"line":103,"column":4},"end":{"line":107,"column":null}},"9":{"start":{"line":110,"column":0},"end":{"line":110,"column":null}},"10":{"start":{"line":115,"column":13},"end":{"line":123,"column":null}},"11":{"start":{"line":117,"column":4},"end":{"line":121,"column":null}},"12":{"start":{"line":124,"column":0},"end":{"line":124,"column":null}},"13":{"start":{"line":129,"column":13},"end":{"line":137,"column":null}},"14":{"start":{"line":131,"column":4},"end":{"line":135,"column":null}},"15":{"start":{"line":138,"column":0},"end":{"line":138,"column":null}},"16":{"start":{"line":160,"column":0},"end":{"line":209,"column":null}},"17":{"start":{"line":170,"column":53},"end":{"line":174,"column":null}},"18":{"start":{"line":176,"column":2},"end":{"line":207,"column":null}},"19":{"start":{"line":191,"column":25},"end":{"line":191,"column":null}},"20":{"start":{"line":193,"column":12},"end":{"line":193,"column":null}},"21":{"start":{"line":194,"column":12},"end":{"line":196,"column":null}},"22":{"start":{"line":195,"column":14},"end":{"line":195,"column":null}},"23":{"start":{"line":221,"column":0},"end":{"line":234,"column":null}},"24":{"start":{"line":226,"column":2},"end":{"line":232,"column":null}},"25":{"start":{"line":245,"column":0},"end":{"line":251,"column":null}},"26":{"start":{"line":246,"column":2},"end":{"line":249,"column":null}},"27":{"start":{"line":262,"column":0},"end":{"line":268,"column":null}},"28":{"start":{"line":263,"column":2},"end":{"line":266,"column":null}}},"fnMap":{"0":{"name":"(anonymous_0)","decl":{"start":{"line":67,"column":2},"end":{"line":67,"column":3}},"loc":{"start":{"line":67,"column":91},"end":{"line":77,"column":null}},"line":67},"1":{"name":"(anonymous_1)","decl":{"start":{"line":88,"column":2},"end":{"line":88,"column":3}},"loc":{"start":{"line":89,"column":4},"end":{"line":93,"column":null}},"line":89},"2":{"name":"(anonymous_2)","decl":{"start":{"line":102,"column":2},"end":{"line":102,"column":3}},"loc":{"start":{"line":103,"column":4},"end":{"line":107,"column":null}},"line":103},"3":{"name":"(anonymous_3)","decl":{"start":{"line":116,"column":2},"end":{"line":116,"column":3}},"loc":{"start":{"line":117,"column":4},"end":{"line":121,"column":null}},"line":117},"4":{"name":"(anonymous_4)","decl":{"start":{"line":130,"column":2},"end":{"line":130,"column":3}},"loc":{"start":{"line":131,"column":4},"end":{"line":135,"column":null}},"line":131},"5":{"name":"CardImage","decl":{"start":{"line":160,"column":22},"end":{"line":160,"column":32}},"loc":{"start":{"line":169,"column":19},"end":{"line":209,"column":null}},"line":169},"6":{"name":"(anonymous_6)","decl":{"start":{"line":191,"column":18},"end":{"line":191,"column":19}},"loc":{"start":{"line":191,"column":25},"end":{"line":191,"column":null}},"line":191},"7":{"name":"(anonymous_7)","decl":{"start":{"line":192,"column":19},"end":{"line":192,"column":20}},"loc":{"start":{"line":192,"column":26},"end":{"line":197,"column":null}},"line":192},"8":{"name":"LegacyCardTitle","decl":{"start":{"line":221,"column":22},"end":{"line":221,"column":38}},"loc":{"start":{"line":225,"column":25},"end":{"line":234,"column":null}},"line":225},"9":{"name":"CardContent","decl":{"start":{"line":245,"column":24},"end":{"line":245,"column":36}},"loc":{"start":{"line":245,"column":84},"end":{"line":251,"column":null}},"line":245},"10":{"name":"CardActions","decl":{"start":{"line":262,"column":24},"end":{"line":262,"column":36}},"loc":{"start":{"line":262,"column":84},"end":{"line":268,"column":null}},"line":262}},"branchMap":{"0":{"loc":{"start":{"line":67,"column":48},"end":{"line":67,"column":71}},"type":"default-arg","locations":[{"start":{"line":67,"column":60},"end":{"line":67,"column":71}}],"line":67},"1":{"loc":{"start":{"line":163,"column":2},"end":{"line":163,"column":null}},"type":"default-arg","locations":[{"start":{"line":163,"column":17},"end":{"line":163,"column":null}}],"line":163},"2":{"loc":{"start":{"line":164,"column":2},"end":{"line":164,"column":null}},"type":"default-arg","locations":[{"start":{"line":164,"column":16},"end":{"line":164,"column":null}}],"line":164},"3":{"loc":{"start":{"line":165,"column":2},"end":{"line":165,"column":null}},"type":"default-arg","locations":[{"start":{"line":165,"column":10},"end":{"line":165,"column":null}}],"line":165},"4":{"loc":{"start":{"line":166,"column":2},"end":{"line":166,"column":null}},"type":"default-arg","locations":[{"start":{"line":166,"column":11},"end":{"line":166,"column":null}}],"line":166},"5":{"loc":{"start":{"line":167,"column":2},"end":{"line":167,"column":null}},"type":"default-arg","locations":[{"start":{"line":167,"column":14},"end":{"line":167,"column":null}}],"line":167},"6":{"loc":{"start":{"line":178,"column":6},"end":{"line":178,"column":null}},"type":"binary-expr","locations":[{"start":{"line":178,"column":6},"end":{"line":178,"column":36}},{"start":{"line":178,"column":36},"end":{"line":178,"column":null}}],"line":178},"7":{"loc":{"start":{"line":182,"column":7},"end":{"line":205,"column":null}},"type":"cond-expr","locations":[{"start":{"line":183,"column":8},"end":{"line":201,"column":null}},{"start":{"line":203,"column":8},"end":{"line":205,"column":null}}],"line":182},"8":{"loc":{"start":{"line":194,"column":12},"end":{"line":196,"column":null}},"type":"if","locations":[{"start":{"line":194,"column":12},"end":{"line":196,"column":null}},{"start":{},"end":{}}],"line":194},"9":{"loc":{"start":{"line":224,"column":2},"end":{"line":224,"column":null}},"type":"default-arg","locations":[{"start":{"line":224,"column":14},"end":{"line":224,"column":null}}],"line":224},"10":{"loc":{"start":{"line":229,"column":7},"end":{"line":230,"column":null}},"type":"binary-expr","locations":[{"start":{"line":229,"column":7},"end":{"line":229,"column":null}},{"start":{"line":230,"column":8},"end":{"line":230,"column":null}}],"line":229},"11":{"loc":{"start":{"line":245,"column":48},"end":{"line":245,"column":63}},"type":"default-arg","locations":[{"start":{"line":245,"column":60},"end":{"line":245,"column":63}}],"line":245},"12":{"loc":{"start":{"line":262,"column":48},"end":{"line":262,"column":63}},"type":"default-arg","locations":[{"start":{"line":262,"column":60},"end":{"line":262,"column":63}}],"line":262}},"s":{"0":5,"1":5,"2":57,"3":5,"4":5,"5":0,"6":5,"7":5,"8":0,"9":5,"10":5,"11":45,"12":5,"13":5,"14":45,"15":5,"16":5,"17":0,"18":0,"19":0,"20":0,"21":0,"22":0,"23":5,"24":0,"25":5,"26":0,"27":5,"28":0},"f":{"0":57,"1":0,"2":0,"3":45,"4":45,"5":0,"6":0,"7":0,"8":0,"9":0,"10":0},"b":{"0":[57],"1":[0],"2":[0],"3":[0],"4":[0],"5":[0],"6":[0,0],"7":[0,0],"8":[0,0],"9":[0],"10":[0,0],"11":[0],"12":[0]},"meta":{"lastBranch":13,"lastFunction":11,"lastStatement":29,"seen":{"s:10:6:33:Infinity":0,"s:66:6:78:Infinity":1,"f:67:2:67:3":0,"b:67:60:67:71":0,"s:68:4:75:Infinity":2,"s:80:0:80:Infinity":3,"s:87:13:95:Infinity":4,"f:88:2:88:3":1,"s:89:4:93:Infinity":5,"s:96:0:96:Infinity":6,"s:101:13:109:Infinity":7,"f:102:2:102:3":2,"s:103:4:107:Infinity":8,"s:110:0:110:Infinity":9,"s:115:13:123:Infinity":10,"f:116:2:116:3":3,"s:117:4:121:Infinity":11,"s:124:0:124:Infinity":12,"s:129:13:137:Infinity":13,"f:130:2:130:3":4,"s:131:4:135:Infinity":14,"s:138:0:138:Infinity":15,"s:160:0:209:Infinity":16,"f:160:22:160:32":5,"b:163:17:163:Infinity":1,"b:164:16:164:Infinity":2,"b:165:10:165:Infinity":3,"b:166:11:166:Infinity":4,"b:167:14:167:Infinity":5,"s:170:53:174:Infinity":17,"s:176:2:207:Infinity":18,"b:178:6:178:36:178:36:178:Infinity":6,"b:183:8:201:Infinity:203:8:205:Infinity":7,"f:191:18:191:19":6,"s:191:25:191:Infinity":19,"f:192:19:192:20":7,"s:193:12:193:Infinity":20,"b:194:12:196:Infinity:undefined:undefined:undefined:undefined":8,"s:194:12:196:Infinity":21,"s:195:14:195:Infinity":22,"s:221:0:234:Infinity":23,"f:221:22:221:38":8,"b:224:14:224:Infinity":9,"s:226:2:232:Infinity":24,"b:229:7:229:Infinity:230:8:230:Infinity":10,"s:245:0:251:Infinity":25,"f:245:24:245:36":9,"b:245:60:245:63":11,"s:246:2:249:Infinity":26,"s:262:0:268:Infinity":27,"f:262:24:262:36":10,"b:262:60:262:63":12,"s:263:2:266:Infinity":28}}}
,"/home/tng/workspace/pkmgradegap/web/src/react/ui/ROIBar.tsx": {"path":"/home/tng/workspace/pkmgradegap/web/src/react/ui/ROIBar.tsx","statementMap":{"0":{"start":{"line":2,"column":2},"end":{"line":2,"column":null}},"1":{"start":{"line":2,"column":27},"end":{"line":2,"column":null}},"2":{"start":{"line":3,"column":2},"end":{"line":3,"column":null}},"3":{"start":{"line":11,"column":14},"end":{"line":11,"column":null}},"4":{"start":{"line":13,"column":12},"end":{"line":13,"column":null}},"5":{"start":{"line":14,"column":2},"end":{"line":14,"column":null}},"6":{"start":{"line":14,"column":29},"end":{"line":14,"column":null}},"7":{"start":{"line":15,"column":2},"end":{"line":15,"column":null}},"8":{"start":{"line":15,"column":17},"end":{"line":15,"column":null}},"9":{"start":{"line":17,"column":2},"end":{"line":24,"column":null}}},"fnMap":{"0":{"name":"clampPct","decl":{"start":{"line":1,"column":9},"end":{"line":1,"column":18}},"loc":{"start":{"line":1,"column":37},"end":{"line":4,"column":null}},"line":1},"1":{"name":"ROIBar","decl":{"start":{"line":10,"column":24},"end":{"line":10,"column":31}},"loc":{"start":{"line":10,"column":60},"end":{"line":26,"column":null}},"line":10}},"branchMap":{"0":{"loc":{"start":{"line":2,"column":2},"end":{"line":2,"column":null}},"type":"if","locations":[{"start":{"line":2,"column":2},"end":{"line":2,"column":null}},{"start":{},"end":{}}],"line":2},"1":{"loc":{"start":{"line":10,"column":33},"end":{"line":10,"column":44}},"type":"default-arg","locations":[{"start":{"line":10,"column":42},"end":{"line":10,"column":44}}],"line":10},"2":{"loc":{"start":{"line":14,"column":2},"end":{"line":14,"column":null}},"type":"if","locations":[{"start":{"line":14,"column":2},"end":{"line":14,"column":null}},{"start":{},"end":{}}],"line":14},"3":{"loc":{"start":{"line":14,"column":6},"end":{"line":14,"column":29}},"type":"binary-expr","locations":[{"start":{"line":14,"column":6},"end":{"line":14,"column":19}},{"start":{"line":14,"column":19},"end":{"line":14,"column":29}}],"line":14},"4":{"loc":{"start":{"line":15,"column":2},"end":{"line":15,"column":null}},"type":"if","locations":[{"start":{"line":15,"column":2},"end":{"line":15,"column":null}},{"start":{},"end":{}}],"line":15}},"s":{"0":15,"1":0,"2":15,"3":15,"4":15,"5":15,"6":1,"7":15,"8":13,"9":15},"f":{"0":15,"1":15},"b":{"0":[0,15],"1":[15],"2":[1,14],"3":[15,14],"4":[13,2]},"meta":{"lastBranch":5,"lastFunction":2,"lastStatement":10,"seen":{"f:1:9:1:18":0,"b:2:2:2:Infinity:undefined:undefined:undefined:undefined":0,"s:2:2:2:Infinity":0,"s:2:27:2:Infinity":1,"s:3:2:3:Infinity":2,"f:10:24:10:31":1,"b:10:42:10:44":1,"s:11:14:11:Infinity":3,"s:13:12:13:Infinity":4,"b:14:2:14:Infinity:undefined:undefined:undefined:undefined":2,"s:14:2:14:Infinity":5,"b:14:6:14:19:14:19:14:29":3,"s:14:29:14:Infinity":6,"b:15:2:15:Infinity:undefined:undefined:undefined:undefined":4,"s:15:2:15:Infinity":7,"s:15:17:15:Infinity":8,"s:17:2:24:Infinity":9}}}
,"/home/tng/workspace/pkmgradegap/web/src/react/ui/Select.tsx": {"path":"/home/tng/workspace/pkmgradegap/web/src/react/ui/Select.tsx","statementMap":{"0":{"start":{"line":10,"column":6},"end":{"line":30,"column":null}},"1":{"start":{"line":69,"column":6},"end":{"line":145,"column":null}},"2":{"start":{"line":82,"column":24},"end":{"line":82,"column":null}},"3":{"start":{"line":83,"column":21},"end":{"line":83,"column":null}},"4":{"start":{"line":85,"column":4},"end":{"line":142,"column":null}},"5":{"start":{"line":121,"column":18},"end":{"line":127,"column":null}},"6":{"start":{"line":147,"column":0},"end":{"line":147,"column":null}}},"fnMap":{"0":{"name":"(anonymous_0)","decl":{"start":{"line":70,"column":2},"end":{"line":70,"column":3}},"loc":{"start":{"line":81,"column":13},"end":{"line":144,"column":null}},"line":81},"1":{"name":"(anonymous_1)","decl":{"start":{"line":120,"column":28},"end":{"line":120,"column":29}},"loc":{"start":{"line":121,"column":18},"end":{"line":127,"column":null}},"line":121}},"branchMap":{"0":{"loc":{"start":{"line":82,"column":24},"end":{"line":82,"column":null}},"type":"cond-expr","locations":[{"start":{"line":82,"column":32},"end":{"line":82,"column":42}},{"start":{"line":82,"column":42},"end":{"line":82,"column":null}}],"line":82},"1":{"loc":{"start":{"line":83,"column":21},"end":{"line":83,"column":null}},"type":"binary-expr","locations":[{"start":{"line":83,"column":21},"end":{"line":83,"column":33}},{"start":{"line":83,"column":33},"end":{"line":83,"column":null}}],"line":83},"2":{"loc":{"start":{"line":87,"column":9},"end":{"line":94,"column":null}},"type":"binary-expr","locations":[{"start":{"line":87,"column":9},"end":{"line":87,"column":null}},{"start":{"line":88,"column":10},"end":{"line":94,"column":null}}],"line":87},"3":{"loc":{"start":{"line":93,"column":13},"end":{"line":93,"column":null}},"type":"binary-expr","locations":[{"start":{"line":93,"column":13},"end":{"line":93,"column":25}},{"start":{"line":93,"column":25},"end":{"line":93,"column":null}}],"line":93},"4":{"loc":{"start":{"line":109,"column":26},"end":{"line":109,"column":null}},"type":"cond-expr","locations":[{"start":{"line":109,"column":34},"end":{"line":109,"column":43}},{"start":{"line":109,"column":43},"end":{"line":109,"column":null}}],"line":109},"5":{"loc":{"start":{"line":111,"column":14},"end":{"line":115,"column":null}},"type":"cond-expr","locations":[{"start":{"line":112,"column":18},"end":{"line":112,"column":null}},{"start":{"line":113,"column":18},"end":{"line":115,"column":null}}],"line":111},"6":{"loc":{"start":{"line":113,"column":18},"end":{"line":115,"column":null}},"type":"cond-expr","locations":[{"start":{"line":114,"column":18},"end":{"line":114,"column":null}},{"start":{"line":115,"column":18},"end":{"line":115,"column":null}}],"line":113},"7":{"loc":{"start":{"line":119,"column":13},"end":{"line":129,"column":null}},"type":"cond-expr","locations":[{"start":{"line":120,"column":16},"end":{"line":128,"column":null}},{"start":{"line":129,"column":16},"end":{"line":129,"column":null}}],"line":119},"8":{"loc":{"start":{"line":132,"column":9},"end":{"line":135,"column":null}},"type":"binary-expr","locations":[{"start":{"line":132,"column":9},"end":{"line":132,"column":null}},{"start":{"line":133,"column":10},"end":{"line":135,"column":null}}],"line":132},"9":{"loc":{"start":{"line":137,"column":9},"end":{"line":140,"column":null}},"type":"binary-expr","locations":[{"start":{"line":137,"column":9},"end":{"line":137,"column":19}},{"start":{"line":137,"column":19},"end":{"line":137,"column":null}},{"start":{"line":138,"column":10},"end":{"line":140,"column":null}}],"line":137}},"s":{"0":1,"1":1,"2":22,"3":22,"4":22,"5":0,"6":1},"f":{"0":22,"1":0},"b":{"0":[0,22],"1":[22,0],"2":[22,22],"3":[22,0],"4":[0,22],"5":[0,22],"6":[0,22],"7":[0,22],"8":[22,0],"9":[22,0,0]},"meta":{"lastBranch":10,"lastFunction":2,"lastStatement":7,"seen":{"s:10:6:30:Infinity":0,"s:69:6:145:Infinity":1,"f:70:2:70:3":0,"s:82:24:82:Infinity":2,"b:82:32:82:42:82:42:82:Infinity":0,"s:83:21:83:Infinity":3,"b:83:21:83:33:83:33:83:Infinity":1,"s:85:4:142:Infinity":4,"b:87:9:87:Infinity:88:10:94:Infinity":2,"b:93:13:93:25:93:25:93:Infinity":3,"b:109:34:109:43:109:43:109:Infinity":4,"b:112:18:112:Infinity:113:18:115:Infinity":5,"b:114:18:114:Infinity:115:18:115:Infinity":6,"b:120:16:128:Infinity:129:16:129:Infinity":7,"f:120:28:120:29":1,"s:121:18:127:Infinity":5,"b:132:9:132:Infinity:133:10:135:Infinity":8,"b:137:9:137:19:137:19:137:Infinity:138:10:140:Infinity":9,"s:147:0:147:Infinity":6}}}
}
